{
  "Title": "Security update for java-21-openjdk",
  "Tracking": {
    "ID": "SUSE-SU-2024:3954-1",
    "Status": "Final",
    "Version": "1",
    "InitialReleaseDate": "2024-11-08T13:10:02Z",
    "CurrentReleaseDate": "2024-11-08T13:10:02Z",
    "RevisionHistory": [
      {
        "Number": "1",
        "Date": "2024-11-08T13:10:02Z",
        "Description": "current"
      }
    ]
  },
  "Notes": [
    {
      "Text": "Security update for java-21-openjdk",
      "Title": "Topic",
      "Type": "Summary"
    },
    {
      "Text": "This update for java-21-openjdk fixes the following issues:\n\n- Update to upstream tag jdk-21.0.5+13 (October 2024 CPU)\n  * Security fixes\n    + JDK-8307383: Enhance DTLS connections\n    + JDK-8311208: Improve CDS Support\n    + JDK-8328286, CVE-2024-21208, bsc#1231702: Enhance HTTP client\n    + JDK-8328544, CVE-2024-21210, bsc#1231711: Improve handling of vectorization\n    + JDK-8328726: Better Kerberos support\n    + JDK-8331446, CVE-2024-21217, bsc#1231716: Improve deserialization support\n    + JDK-8332644, CVE-2024-21235, bsc#1231719: Improve graph optimizations\n    + JDK-8335713: Enhance vectorization analysis\n  * Other changes\n    + JDK-6355567: AdobeMarkerSegment causes failure to read valid JPEG\n    + JDK-6967482: TAB-key does not work in JTables after selecting\n      details-view in JFileChooser\n    + JDK-7022325: TEST_BUG: test/java/util/zip/ZipFile/\n      /ReadLongZipFileName.java leaks files if it fails\n    + JDK-8051959: Add thread and timestamp options to\n      java.security.debug system property\n    + JDK-8073061: (fs) Files.copy(foo, bar, REPLACE_EXISTING)\n      deletes bar even if foo is not readable\n    + JDK-8166352: FilePane.createDetailsView() removes JTable TAB,\n      SHIFT-TAB functionality\n    + JDK-8170817: G1: Returning MinTLABSize from\n      unsafe_max_tlab_alloc causes TLAB flapping\n    + JDK-8211847: [aix] java/lang/ProcessHandle/InfoTest.java\n      fails: 'reported cputime less than expected'\n    + JDK-8211854: [aix] java/net/ServerSocket/\n      /AcceptInheritHandle.java fails: read times out\n    + JDK-8222884: ConcurrentClassDescLookup.java times out intermittently\n    + JDK-8238169: BasicDirectoryModel getDirectories and\n      DoChangeContents.run can deadlock\n    + JDK-8241550: [macOS] SSLSocketImpl/ReuseAddr.java failed due\n      to 'BindException: Address already in use'\n    + JDK-8242564: javadoc crashes:: class cast exception\n      com.sun.tools.javac.code.Symtab$6\n    + JDK-8260633: [macos] java/awt/dnd/MouseEventAfterStartDragTest/\n      /MouseEventAfterStartDragTest.html test failed\n    + JDK-8261433: Better pkcs11 performance for\n      libpkcs11:C_EncryptInit/libpkcs11:C_DecryptInit\n    + JDK-8269428: java/util/concurrent/ConcurrentHashMap/\n      /ToArray.java timed out\n    + JDK-8269657: Test java/nio/channels/DatagramChannel/\n      /Loopback.java failed: Unexpected message\n    + JDK-8280120: [IR Framework] Add attribute to @IR to\n      enable/disable IR matching based on the architecture\n    + JDK-8280392: java/awt/Focus/NonFocusableWindowTest/\n      /NonfocusableOwnerTest.java failed with 'RuntimeException: Test failed.'\n    + JDK-8280988: [XWayland] Click on title to request focus test failures\n    + JDK-8280990: [XWayland] XTest emulated mouse click does not\n      bring window to front\n    + JDK-8283223: gc/stringdedup/TestStringDeduplicationFullGC.java\n      #Parallel failed with 'RuntimeException: String verification failed'\n    + JDK-8287325: AArch64: fix virtual threads with\n      -XX:UseBranchProtection=pac-ret\n    + JDK-8291809: Convert compiler/c2/cr7200264/TestSSE2IntVect.java\n      to IR verification test\n    + JDK-8294148: Support JSplitPane for instructions and test UI\n    + JDK-8299058: AssertionError in sun.net.httpserver.ServerImpl\n      when connection is idle\n    + JDK-8299487: Test java/net/httpclient/whitebox/\n      /SSLTubeTestDriver.java timed out\n    + JDK-8299790: os::print_hex_dump is racy\n    + JDK-8299813: java/nio/channels/DatagramChannel/Disconnect.java\n      fails with jtreg test timeout due to lost datagram\n    + JDK-8301686: TLS 1.3 handshake fails if server_name doesn't\n      match resuming session\n    + JDK-8303920: Avoid calling out to python in\n      DataDescriptorSignatureMissing test\n    + JDK-8305072: Win32ShellFolder2.compareTo is inconsistent\n    + JDK-8305825: getBounds API returns wrong value resulting in\n      multiple Regression Test Failures on Ubuntu 23.04\n    + JDK-8307193: Several Swing jtreg tests use class.forName on L\u0026F classes\n    + JDK-8307352: AARCH64: Improve itable_stub\n    + JDK-8307778: com/sun/jdi/cds tests fail with jtreg's Virtual\n      test thread factory\n    + JDK-8307788: vmTestbase/gc/gctests/LargeObjects/large003/\n      /TestDescription.java timed out\n    + JDK-8308286: Fix clang warnings in linux code\n    + JDK-8308660: C2 compilation hits 'node must be dead' assert\n    + JDK-8309067: gtest/AsyncLogGtest.java fails again in\n      stderrOutput_vm\n    + JDK-8309621: [XWayland][Screencast] screen capture failure\n      with sun.java2d.uiScale other than 1\n    + JDK-8309685: Fix -Wconversion warnings in assembler and\n      register code\n    + JDK-8309894: compiler/vectorapi/\n      /VectorLogicalOpIdentityTest.java fails on SVE system with UseSVE=0\n    + JDK-8310072: JComboBox/DisabledComboBoxFontTestAuto: Enabled\n      and disabled ComboBox does not match in these LAFs: GTK+\n    + JDK-8310108: Skip ReplaceCriticalClassesForSubgraphs when\n      EnableJVMCI is specified\n    + JDK-8310201: Reduce verbose locale output in -XshowSettings\n      launcher option\n    + JDK-8310334: [XWayland][Screencast] screen capture error\n      message in debug\n    + JDK-8310628: GcInfoBuilder.c missing JNI Exception checks\n    + JDK-8310683: Refactor StandardCharset/standard.java to use JUnit\n    + JDK-8310906: Fix -Wconversion warnings in runtime, oops and\n      some code header files.\n    + JDK-8311306: Test com/sun/management/ThreadMXBean/\n      /ThreadCpuTimeArray.java failed: out of expected range\n    + JDK-8311666: Disabled tests in test/jdk/sun/java2d/marlin\n    + JDK-8311989: Test java/lang/Thread/virtual/Reflection.java\n      timed out\n    + JDK-8312049: runtime/logging/ClassLoadUnloadTest can be improved\n    + JDK-8312111: open/test/jdk/java/awt/Robot/ModifierRobotKey/\n      /ModifierRobotKeyTest.java fails on ubuntu 23.04\n    + JDK-8312140: jdk/jshell tests failed with JDI socket timeouts\n    + JDK-8312200: Fix Parse::catch_call_exceptions memory leak\n    + JDK-8312229: Crash involving yield, switch and anonymous classes\n    + JDK-8313674: (fc) java/nio/channels/FileChannel/\n      /BlockDeviceSize.java should test for more block devices\n    + JDK-8313697: [XWayland][Screencast] consequent getPixelColor\n      calls are slow\n    + JDK-8313983: jmod create --target-platform should replace\n      existing ModuleTarget attribute\n    + JDK-8314163: os::print_hex_dump prints incorrectly for big\n      endian platforms and unit sizes larger than 1\n    + JDK-8314225: SIGSEGV in JavaThread::is_lock_owned\n    + JDK-8314515: java/util/concurrent/SynchronousQueue/\n      /Fairness.java failed with 'Error: fair=false i=8 j=0'\n    + JDK-8314614: jdk/jshell/ImportTest.java failed with\n      'InternalError: Failed remote listen'\n    + JDK-8315024: Vector API FP reduction tests should not test\n      for exact equality\n    + JDK-8315031: YoungPLABSize and OldPLABSize not aligned by\n      ObjectAlignmentInBytes\n    + JDK-8315422: getSoTimeout() would be in try block in\n      SSLSocketImpl\n    + JDK-8315505: CompileTask timestamp printed can overflow\n    + JDK-8315576: compiler/codecache/CodeCacheFullCountTest.java\n      fails after JDK-8314837\n    + JDK-8315804: Open source several Swing JTabbedPane JTextArea\n      JTextField tests\n    + JDK-8315923: pretouch_memory by atomic-add-0 fragments huge\n      pages unexpectedly\n    + JDK-8315965: Open source various AWT applet tests\n    + JDK-8315969: compiler/rangechecks/\n      /TestRangeCheckHoistingScaledIV.java: make flagless\n    + JDK-8316104: Open source several Swing SplitPane and\n      RadioButton related tests\n    + JDK-8316131: runtime/cds/appcds/TestParallelGCWithCDS.java\n      fails with JNI error\n    + JDK-8316193: jdk/jfr/event/oldobject/TestListenerLeak.java\n      java.lang.Exception: Could not find leak\n    + JDK-8316211: Open source several manual applet tests\n    + JDK-8316240: Open source several add/remove MenuBar manual tests\n    + JDK-8316285: Opensource JButton manual tests\n    + JDK-8316306: Open source and convert manual Swing test\n    + JDK-8316328: Test jdk/jfr/event/oldobject/\n      /TestSanityDefault.java times out for some heap sizes\n    + JDK-8316361: C2: assert(!failure) failed: Missed optimization\n      opportunity in PhaseIterGVN with -XX:VerifyIterativeGVN=10\n    + JDK-8316389: Open source few AWT applet tests\n    + JDK-8316756: C2 EA fails with 'missing memory path' when\n      encountering unsafe_arraycopy stub call\n    + JDK-8317112: Add screenshot for Frame/DefaultSizeTest.java\n    + JDK-8317128: java/nio/file/Files/CopyAndMove.java failed with\n      AccessDeniedException\n    + JDK-8317240: Promptly free OopMapEntry after fail to insert\n      the entry to OopMapCache\n    + JDK-8317288: [macos] java/awt/Window/Grab/GrabTest.java:\n      Press on the outside area didn't cause ungrab\n    + JDK-8317299: safepoint scalarization doesn't keep track of\n      the depth of the JVM state\n    + JDK-8317360: Missing null checks in JfrCheckpointManager and\n      JfrStringPool initialization routines\n    + JDK-8317372: Refactor some NumberFormat tests to use JUnit\n    + JDK-8317446: ProblemList gc/arguments/TestNewSizeFlags.java\n      on macosx-aarch64 in Xcomp\n    + JDK-8317449: ProblemList serviceability/jvmti/stress/\n      /StackTrace/NotSuspended/\n      /GetStackTraceNotSuspendedStressTest.java on several platforms\n    + JDK-8317635: Improve GetClassFields test to verify\n      correctness of field order\n    + JDK-8317696: Fix compilation with clang-16\n    + JDK-8317738: CodeCacheFullCountTest failed with\n      'VirtualMachineError: Out of space in CodeCache for method\n      handle intrinsic'\n    + JDK-8317831: compiler/codecache/CheckLargePages.java fails on\n      OL 8.8 with unexpected memory string\n    + JDK-8318071: IgnoreUnrecognizedVMOptions flag still causes\n      failure in ArchiveHeapTestClass\n    + JDK-8318479: [jmh] the test security.CacheBench  failed for\n      multiple threads run\n    + JDK-8318605: Enable parallelism in\n      vmTestbase/nsk/stress/stack tests\n    + JDK-8319197: Exclude hb-subset and hb-style from compilation\n    + JDK-8319406: x86: Shorter movptr(reg, imm) for 32-bit immediates\n    + JDK-8319773: Avoid inflating monitors when installing hash\n      codes for LM_LIGHTWEIGHT\n    + JDK-8319793: C2 compilation fails with 'Bad graph detected in\n      build_loop_late' after JDK-8279888\n    + JDK-8319817: Charset constructor should make defensive copy of aliases\n    + JDK-8319818: Address GCC 13.2.0 warnings (stringop-overflow\n      and dangling-pointer)\n    + JDK-8320079: The ArabicBox.java test has no control buttons\n    + JDK-8320212: Disable GCC stringop-overflow warning for affected files\n    + JDK-8320379: C2: Sort spilling/unspilling sequence for better\n      ld/st merging into ldp/stp on AArch64\n    + JDK-8320602: Lock contention in SchemaDVFactory.getInstance()\n    + JDK-8320608: Many jtreg printing tests are missing the\n      @printer keyword\n    + JDK-8320655: awt screencast robot spin and sync issues with\n      native libpipewire api\n    + JDK-8320675: PrinterJob/SecurityDialogTest.java hangs\n    + JDK-8320945: problemlist tests failing on latest Windows 11 update\n    + JDK-8321025: Enable Neoverse N1 optimizations for Neoverse V2\n    + JDK-8321176: [Screencast] make a second attempt on screencast failure\n    + JDK-8321206: Make Locale related system properties\n      `StaticProperty`\n    + JDK-8321220: JFR: RecordedClass reports incorrect modifiers\n    + JDK-8321278: C2: Partial peeling fails with assert 'last_peel\n      \u003c- first_not_peeled'\n    + JDK-8321509: False positive in get_trampoline fast path\n      causes crash\n    + JDK-8321933: TestCDSVMCrash.java spawns two processes\n    + JDK-8322008: Exclude some CDS tests from running with -Xshare:off\n    + JDK-8322062: com/sun/jdi/JdwpAllowTest.java does not performs\n      negative testing with prefix length\n    + JDK-8322330: JavadocHelperTest.java OOMEs with Parallel GC and ZGC\n    + JDK-8322726: C2: Unloaded signature class kills argument value\n    + JDK-8322743: C2: prevent lock region elimination in OSR compilation\n    + JDK-8322766: Micro bench SSLHandshake should use default algorithms\n    + JDK-8322881: java/nio/file/Files/CopyMoveVariations.java\n      fails with AccessDeniedException due to permissions of files in /tmp\n    + JDK-8322971: KEM.getInstance() should check if a 3rd-party\n      security provider is signed\n    + JDK-8322996: BoxLockNode creation fails with assert(reg \u003c\n      CHUNK_SIZE) failed: sanity\n    + JDK-8323122: AArch64: Increase itable stub size estimate\n    + JDK-8323196: jdk/jfr/api/consumer/filestream/TestOrdered.java\n      failed with 'Events are not ordered! Reuse = false'\n    + JDK-8323274: C2: array load may float above range check\n    + JDK-8323552: AbstractMemorySegmentImpl#mismatch returns -1\n      when comparing distinct areas of the same instance of MemorySegment\n    + JDK-8323577: C2 SuperWord: remove AlignVector restrictions on\n      IR tests added in JDK-8305055\n    + JDK-8323584: AArch64: Unnecessary ResourceMark in\n      NativeCall::set_destination_mt_safe\n    + JDK-8323670: A few client tests intermittently throw\n      ConcurrentModificationException\n    + JDK-8323682: C2: guard check is not generated in\n      Arrays.copyOfRange intrinsic when allocation is eliminated by EA\n    + JDK-8323782: Race: Thread::interrupt vs.\n      AbstractInterruptibleChannel.begin\n    + JDK-8323801: \u003cs\u003e tag doesn't strikethrough the text\n    + JDK-8323972: C2 compilation fails with\n      assert(!x-\u003eas_Loop()-\u003eis_loop_nest_inner_loop()) failed: loop\n      was transformed\n    + JDK-8324174: assert(m-\u003eis_entered(current)) failed: invariant\n    + JDK-8324577: [REDO] - [IMPROVE] OPEN_MAX is no longer the max\n      limit on macOS \u003e= 10.6 for RLIMIT_NOFILE\n    + JDK-8324580: SIGFPE on THP initialization on kernels \u003c 4.10\n    + JDK-8324641: [IR Framework] Add Setup method to provide\n      custom arguments and set fields\n    + JDK-8324668: JDWP process management needs more efficient\n      file descriptor handling\n    + JDK-8324755: Enable parallelism in\n      vmTestbase/gc/gctests/LargeObjects tests\n    + JDK-8324781: runtime/Thread/TestAlwaysPreTouchStacks.java\n      failed with Expected a higher ratio between stack committed and reserved\n    + JDK-8324808: Manual printer tests have no Pass/Fail buttons,\n      instructions close set 3\n    + JDK-8324969: C2: prevent elimination of unbalanced coarsened locking regions\n    + JDK-8324983: Race in CompileBroker::possibly_add_compiler_threads\n    + JDK-8325022: Incorrect error message on client authentication\n    + JDK-8325037: x86: enable and fix\n      hotspot/jtreg/compiler/vectorization/TestRoundVectFloat.java\n    + JDK-8325083: jdk/incubator/vector/Double512VectorTests.java\n      crashes in Assembler::vex_prefix_and_encode\n    + JDK-8325179: Race in BasicDirectoryModel.validateFileCache\n    + JDK-8325218: gc/parallel/TestAlwaysPreTouchBehavior.java fails\n    + JDK-8325382: (fc) FileChannel.transferTo throws IOException\n      when position equals size\n    + JDK-8325384: sun/security/ssl/SSLSessionImpl/\n      /ResumptionUpdateBoundValues.java failing intermittently when\n      main thread is a virtual thread\n    + JDK-8325469: Freeze/Thaw code can crash in the presence of OSR frames\n    + JDK-8325494: C2: Broken graph after not skipping CastII node\n      anymore for Assertion Predicates after JDK-8309902\n    + JDK-8325520: Vector loads and stores with indices and masks\n      incorrectly compiled\n    + JDK-8325542: CTW: Runner can produce negative StressSeed\n    + JDK-8325587: Shenandoah: ShenandoahLock should allow blocking in VM\n    + JDK-8325616: JFR ZGC Allocation Stall events should record\n      stack traces\n    + JDK-8325620: HTMLReader uses ConvertAction instead of\n      specified CharacterAction for \u003cb\u003e, \u003ci\u003e, \u003cu\u003e\n    + JDK-8325754: Dead AbstractQueuedSynchronizer$ConditionNodes\n      survive minor garbage collections\n    + JDK-8325763: Revert properties: vm.opt.x.*\n    + JDK-8326106: Write and clear stack trace table outside of safepoint\n    + JDK-8326129: Java Record Pattern Match leads to infinite loop\n    + JDK-8326332: Unclosed inline tags cause misalignment in\n      summary tables\n    + JDK-8326717: Disable stringop-overflow in shenandoahLock.cpp\n    + JDK-8326734: text-decoration applied to \u003cspan\u003e lost when\n      mixed with \u003cu\u003e or \u003cs\u003e\n    + JDK-8327007: javax/swing/JSpinner/8008657/bug8008657.java fails\n    + JDK-8327040: Problemlist ActionListenerCalledTwiceTest.java\n      test failing in macos14\n    + JDK-8327137: Add test for ConcurrentModificationException in\n      BasicDirectoryModel\n    + JDK-8327401: Some jtreg tests fail on Wayland without any tracking bug\n    + JDK-8327423: C2 remove_main_post_loops: check if main-loop\n      belongs to pre-loop, not just assert\n    + JDK-8327424: ProblemList serviceability/sa/TestJmapCore.java\n      on all platforms with ZGC\n    + JDK-8327501: Common ForkJoinPool prevents class unloading in some cases\n    + JDK-8327650: Test java/nio/channels/DatagramChannel/\n      /StressNativeSignal.java timed out\n    + JDK-8327787: Convert javax/swing/border/Test4129681.java\n      applet test to main\n    + JDK-8327840: Automate javax/swing/border/Test4129681.java\n    + JDK-8327990: [macosx-aarch64] Various tests fail with\n      -XX:+AssertWXAtThreadSync\n    + JDK-8328011: Convert java/awt/Frame/GetBoundsResizeTest/\n      /GetBoundsResizeTest.java applet test to main\n    + JDK-8328075: Shenandoah: Avoid forwarding when objects don't move in full-GC\n    + JDK-8328110: Allow simultaneous use of PassFailJFrame with\n      split UI and additional windows\n    + JDK-8328115: Convert java/awt/font/TextLayout/\n      /TestJustification.html applet test to main\n    + JDK-8328158: Convert java/awt/Choice/NonFocusablePopupMenuTest\n      to automatic main test\n    + JDK-8328218: Delete test java/awt/Window/FindOwner/FindOwner.html\n    + JDK-8328234: Remove unused nativeUtils files\n    + JDK-8328238: Convert few closed manual applet tests to main\n    + JDK-8328269: NonFocusablePopupMenuTest.java should be marked as headful\n    + JDK-8328273: sun/management/jmxremote/bootstrap/\n      /RmiRegistrySslTest.java failed with\n      java.rmi.server.ExportException: Port already in use\n    + JDK-8328366: Thread.setContextClassloader from thread in FJP\n      commonPool task no longer works after JDK-8327501\n    + JDK-8328560: java/awt/event/MouseEvent/ClickDuringKeypress/\n      /ClickDuringKeypress.java imports Applet\n    + JDK-8328561: test java/awt/Robot/ManualInstructions/\n      /ManualInstructions.java isn't used\n    + JDK-8328642: Convert applet test\n      MouseDraggedOutCauseScrollingTest.html to main\n    + JDK-8328647: TestGarbageCollectorMXBean.java fails with C1-only and -Xcomp\n    + JDK-8328697: SubMenuShowTest and SwallowKeyEvents tests stabilization\n    + JDK-8328785: IOException: Symbol not found: C_GetInterface\n      for PKCS11 interface prior to V3.0\n    + JDK-8328896: Fontmetrics for large Fonts has zero width\n    + JDK-8328953: JEditorPane.read throws ChangedCharSetException\n    + JDK-8328999: Update GIFlib to 5.2.2\n    + JDK-8329004: Update Libpng to 1.6.43\n    + JDK-8329088: Stack chunk thawing races with concurrent GC stack iteration\n    + JDK-8329103: assert(!thread-\u003ein_asgct()) failed during\n      multi-mode profiling\n    + JDK-8329126: No native wrappers generated anymore with\n      -XX:-TieredCompilation after JDK-8251462\n    + JDK-8329134: Reconsider TLAB zapping\n    + JDK-8329258: TailCall should not use frame pointer register for jump target\n    + JDK-8329510: Update ProblemList for\n      JFileChooser/8194044/FileSystemRootTest.java\n    + JDK-8329559: Test javax/swing/JFrame/bug4419914.java failed\n      because The End and Start buttons are not placed correctly and\n      Tab focus does not move as expected\n    + JDK-8329665: fatal error: memory leak: allocating without ResourceMark\n    + JDK-8329667: [macos] Issue with JTree related fix for\n      JDK-8317771\n    + JDK-8329995: Restricted access to `/proc` can cause JFR\n      initialization to crash\n    + JDK-8330027: Identity hashes of archived objects must be\n      based on a reproducible random seed\n    + JDK-8330063: Upgrade jQuery to 3.7.1\n    + JDK-8330133: libj2pkcs11.so crashes on some pkcs#11 v3.0 libraries\n    + JDK-8330146: assert(!_thread-\u003eis_in_any_VTMS_transition()) failed\n    + JDK-8330520: linux clang build fails in os_linux.cpp with\n      static_assert with no message is a C++17 extension\n    + JDK-8330576: ZYoungCompactionLimit should have range check\n    + JDK-8330611: AES-CTR vector intrinsic may read out of bounds (x86_64, AVX-512)\n    + JDK-8330748: ByteArrayOutputStream.writeTo(OutputStream) pins carrier\n    + JDK-8330814: Cleanups for KeepAliveCache tests\n    + JDK-8330819: C2 SuperWord: bad dominance after pre-loop limit\n      adjustment with base that has CastLL after pre-loop\n    + JDK-8330849: Add test to verify memory usage with recursive locking\n    + JDK-8330981: ZGC: Should not dedup strings in the finalizer graph\n    + JDK-8331011: [XWayland] TokenStorage fails under Security Manager\n    + JDK-8331063: Some HttpClient tests don't report leaks\n    + JDK-8331077: nroff man page update for jar tool\n    + JDK-8331142: Add test for number of loader threads in BasicDirectoryModel\n    + JDK-8331153: JFR: Improve logging of\n      jdk/jfr/api/consumer/filestream/TestOrdered.java\n    + JDK-8331164: createJMHBundle.sh download jars fail when url\n      needed to be redirected\n    + JDK-8331266: Bump update version for OpenJDK: jdk-21.0.5\n    + JDK-8331405: Shenandoah: Optimize ShenandoahLock with TTAS\n    + JDK-8331411: Shenandoah: Reconsider spinning duration in ShenandoahLock\n    + JDK-8331421: ubsan: vmreg.cpp checking error member call on\n      misaligned address\n    + JDK-8331495: Limit BasicDirectoryModel/LoaderThreadCount.java to Windows only\n    + JDK-8331518: Tests should not use the 'Classpath' exception\n      form of the legal header\n    + JDK-8331572: Allow using OopMapCache outside of STW GC phases\n    + JDK-8331573: Rename CollectedHeap::is_gc_active to be\n      explicitly about STW GCs\n    + JDK-8331575: C2: crash when ConvL2I is split thru phi at LongCountedLoop\n    + JDK-8331605:\n      jdk/test/lib/TestMutuallyExclusivePlatformPredicates.java test failure\n    + JDK-8331626: unsafe.cpp:162:38: runtime error in\n      index_oop_from_field_offset_long - applying non-zero offset\n      4563897424 to null pointer\n    + JDK-8331714: Make OopMapCache installation lock-free\n    + JDK-8331731: ubsan: relocInfo.cpp:155:30: runtime error:\n      applying non-zero offset to null pointer\n    + JDK-8331746: Create a test to verify that the cmm id is not ignored\n    + JDK-8331771: ZGC: Remove OopMapCacheAlloc_lock ordering workaround\n    + JDK-8331789: ubsan: deoptimization.cpp:403:29: runtime error:\n      load of value 208, which is not a valid value for type 'bool'\n    + JDK-8331798: Remove unused arg of checkErgonomics() in\n      TestMaxHeapSizeTools.java\n    + JDK-8331854: ubsan: copy.hpp:218:10: runtime error: addition\n      of unsigned offset to 0x7fc2b4024518 overflowed to 0x7fc2b4024510\n    + JDK-8331863: DUIterator_Fast used before it is constructed\n    + JDK-8331885: C2: meet between unloaded and speculative types\n      is not symmetric\n    + JDK-8331931: JFR: Avoid loading regex classes during startup\n    + JDK-8331999: BasicDirectoryModel/LoaderThreadCount.java\n      frequently fails on Windows in CI\n    + JDK-8332008: Enable issuestitle check\n    + JDK-8332113: Update nsk.share.Log to be always verbose\n    + JDK-8332154: Memory leak in SynchronousQueue\n    + JDK-8332174: Remove 2 (unpaired) RLO Unicode characters in ff_Adlm.xml\n    + JDK-8332248: (fc) java/nio/channels/FileChannel/\n      /BlockDeviceSize.java failed with RuntimeException\n    + JDK-8332424: Update IANA Language Subtag Registry to Version 2024-05-16\n    + JDK-8332431: NullPointerException in JTable of SwingSet2\n    + JDK-8332473: ubsan: growableArray.hpp:290:10: runtime error:\n      null pointer passed as argument 1, which is declared to never be null\n    + JDK-8332490: JMH org.openjdk.bench.java.util.zip\n      .InflaterInputStreams.inflaterInputStreamRead OOM\n    + JDK-8332499: Gtest codestrings.validate_vm fail on linux x64 when hsdis is present\n    + JDK-8332524: Instead of printing 'TLSv1.3,' it is showing 'TLS13'\n    + JDK-8332589: ubsan: unix/native/libjava/ProcessImpl_md.c:562:5:\n      runtime error: null pointer passed as argument 2, which is\n      declared to never be null\n    + JDK-8332675: test/hotspot/jtreg/gc/testlibrary/Helpers.java\n      compileClass javadoc does not match after 8321812\n    + JDK-8332699: ubsan: jfrEventSetting.inline.hpp:31:43: runtime\n      error: index 163 out of bounds for type 'jfrNativeEventSetting [162]'\n    + JDK-8332717: ZGC: Division by zero in heuristics\n    + JDK-8332720: ubsan: instanceKlass.cpp:3550:76: runtime error:\n      member call on null pointer of type 'struct Array'\n    + JDK-8332818: ubsan: archiveHeapLoader.cpp:70:27: runtime\n      error: applying non-zero offset 18446744073707454464 to null pointer\n    + JDK-8332825: ubsan: guardedMemory.cpp:35:11: runtime error:\n      null pointer passed as argument 2, which is declared to never be null\n    + JDK-8332885: Clarify failure_handler self-tests\n    + JDK-8332894: ubsan: vmError.cpp:2090:26: runtime error: division by zero\n    + JDK-8332898: failure_handler: log directory of commands\n    + JDK-8332903: ubsan: opto/output.cpp:1002:18: runtime error:\n      load of value 171, which is not a valid value for type 'bool'\n    + JDK-8332904: ubsan ppc64le: c1_LIRGenerator_ppc.cpp:581:21:\n      runtime error: signed integer overflow: 9223372036854775807 + 1\n      cannot be represented in type 'long int'\n    + JDK-8332905: C2 SuperWord: bad AD file, with RotateRightV and\n      first operand not a pack\n    + JDK-8332920: C2: Partial Peeling is wrongly applied for CmpU\n      with negative limit\n    + JDK-8332935: Crash:  assert(*lastPtr != 0) failed: Mismatched\n      JNINativeInterface tables, check for new entries\n    + JDK-8332936: Test vmTestbase/metaspace/gc/watermark_70_80/\n      /TestDescription.java fails with no GC's recorded\n    + JDK-8332959: C2: ZGC fails with 'Incorrect load shift' when\n      invoking Object.clone() reflectively on an array\n    + JDK-8333088: ubsan: shenandoahAdaptiveHeuristics.cpp:245:44:\n      runtime error: division by zero\n    + JDK-8333093: Incorrect comment in zAddress_aarch64.cpp\n    + JDK-8333099: Missing check for is_LoadVector in StoreNode::Identity\n    + JDK-8333149: ubsan : memset on nullptr target detected in\n      jvmtiEnvBase.cpp get_object_monitor_usage\n    + JDK-8333178: ubsan: jvmti_tools.cpp:149:16: runtime error:\n      null pointer passed as argument 2, which is declared to never be null\n    + JDK-8333270: HandlersOnComplexResetUpdate and\n      HandlersOnComplexUpdate tests fail with 'Unexpected reference'\n      if timeoutFactor is less than 1/3\n    + JDK-8333277: ubsan: mlib_ImageScanPoly.c:292:43: runtime\n      error: division by zero\n    + JDK-8333353: Delete extra empty line in CodeBlob.java\n    + JDK-8333354: ubsan: frame.inline.hpp:91:25: and\n      src/hotspot/share/runtime/frame.inline.hpp:88:29: runtime\n      error: member call on null pointer of type 'const struct SmallRegisterMap'\n    + JDK-8333361: ubsan,test : libHeapMonitorTest.cpp:518:9:\n      runtime error: null pointer passed as argument 2, which is\n      declared to never be null\n    + JDK-8333363: ubsan: instanceKlass.cpp: runtime error: member\n      call on null pointer of type 'struct AnnotationArray'\n    + JDK-8333366: C2: CmpU3Nodes are not pushed back to worklist\n      in PhaseCCP leading to non-fixpoint assertion failure\n    + JDK-8333398: Uncomment the commented test in test/jdk/java/\n      /util/jar/JarFile/mrjar/MultiReleaseJarAPI.java\n    + JDK-8333462: Performance regression of new DecimalFormat()\n      when compare to jdk11\n    + JDK-8333477: Delete extra empty spaces in Makefiles\n    + JDK-8333542: Breakpoint in parallel code does not work\n    + JDK-8333622: ubsan: relocInfo_x86.cpp:101:56: runtime error:\n      pointer index expression with base (-1) overflowed\n    + JDK-8333639: ubsan: cppVtables.cpp:81:55: runtime error:\n      index 14 out of bounds for type 'long int [1]'\n    + JDK-8333652: RISC-V: compiler/vectorapi/\n      /VectorGatherMaskFoldingTest.java fails when using RVV\n    + JDK-8333716: Shenandoah: Check for disarmed method before\n      taking the nmethod lock\n    + JDK-8333724: Problem list security/infra/java/security/cert/\n      /CertPathValidator/certification/CAInterop.java\n      #teliasonerarootcav1\n    + JDK-8333804: java/net/httpclient/ForbiddenHeadTest.java threw\n      an exception with 0 failures\n    + JDK-8333887: ubsan: unsafe.cpp:247:13: runtime error: store\n      to null pointer of type 'volatile int'\n    + JDK-8334078: RISC-V: TestIntVect.java fails after JDK-8332153\n      when running without RVV\n    + JDK-8334123: log the opening of Type 1 fonts\n    + JDK-8334166: Enable binary check\n    + JDK-8334239: Introduce macro for ubsan method/function exclusions\n    + JDK-8334297: (so) java/nio/channels/SocketChannel/OpenLeak.java\n      should not depend on SecurityManager\n    + JDK-8334332: TestIOException.java fails if run by root\n    + JDK-8334333: MissingResourceCauseTestRun.java fails if run by root\n    + JDK-8334339: Test java/nio/file/attribute/\n      /BasicFileAttributeView/CreationTime.java fails on alinux3\n    + JDK-8334418: Update IANA Language Subtag Registry to Version 2024-06-14\n    + JDK-8334421: assert(!oldbox-\u003eis_unbalanced()) failed: this\n      should not be called for unbalanced region\n    + JDK-8334482: Shenandoah: Deadlock when safepoint is pending\n      during nmethods iteration\n    + JDK-8334592: ProblemList serviceability/jvmti/stress/\n      /StackTrace/NotSuspended/\n      /GetStackTraceNotSuspendedStressTest.java in jdk21 on all platforms\n    + JDK-8334594: Generational ZGC: Deadlock after OopMap rewrites in 8331572\n    + JDK-8334600: TEST java/net/MulticastSocket/IPMulticastIF.java\n      fails on linux-aarch64\n    + JDK-8334618: ubsan: support setting additional ubsan check options\n    + JDK-8334653: ISO 4217 Amendment 177 Update\n    + JDK-8334769: Shenandoah: Move CodeCache_lock close to its use\n      in ShenandoahConcurrentNMethodIterator\n    + JDK-8334867: Add back assertion from JDK-8325494\n    + JDK-8335007: Inline OopMapCache table\n    + JDK-8335134: Test com/sun/jdi/BreakpointOnClassPrepare.java timeout\n    + JDK-8335150: Test LogGeneratedClassesTest.java fails on\n      rpmbuild mock enviroment\n    + JDK-8335237: ubsan: vtableStubs.hpp  is_vtable_stub exclude\n      from ubsan checks\n    + JDK-8335283: Build failure due to 'no_sanitize' attribute directive ignored\n    + JDK-8335409: Can't allocate and retain memory from resource\n      area in frame::oops_interpreted_do oop closure after 8329665\n    + JDK-8335493: check_gc_overhead_limit should reset\n      SoftRefPolicy::_should_clear_all_soft_refs\n    + JDK-8335536: Fix assertion failure in IdealGraphPrinter when append is true\n    + JDK-8335743: jhsdb jstack cannot print some information on\n      the waiting thread\n    + JDK-8335775: Remove extraneous 's' in comment of\n      rawmonitor.cpp test file\n    + JDK-8335904: Fix invalid comment in ShenandoahLock\n    + JDK-8335967: 'text-decoration: none' does not work with 'A' HTML tags\n    + JDK-8336284: Test TestClhsdbJstackLock.java/\n      TestJhsdbJstackLock.java fails with -Xcomp after JDK-8335743\n    + JDK-8336301: test/jdk/java/nio/channels/\n      /AsyncCloseAndInterrupt.java leaves around a FIFO file upon test completion\n    + JDK-8336342: Fix known X11 library locations in sysroot\n    + JDK-8336343: Add more known sysroot library locations for ALSA\n    + JDK-8336926: jdk/internal/util/ReferencedKeyTest.java can\n      fail with ConcurrentModificationException\n    + JDK-8336928: GHA: Bundle artifacts removal broken\n    + JDK-8337038: Test java/nio/file/attribute/\n      /BasicFileAttributeView/CreationTime.java shoud set as /native\n    + JDK-8337283: configure.log is truncated when build dir is on\n      different filesystem\n    + JDK-8337622: IllegalArgumentException in java.lang.reflect.Field.get\n    + JDK-8337664: Distrust TLS server certificates issued after\n      Oct 2024 and anchored by Entrust Root CAs\n    + JDK-8338139: {ClassLoading,Memory}MXBean::isVerbose methods\n      are inconsistent with their setVerbose methods\n    + JDK-8338286: GHA: Demote x86_32 to hotspot build only\n    + JDK-8338696: (fs) BasicFileAttributes.creationTime() falls\n      back to epoch if birth time is unavailable (Linux)\n    + JDK-8339869: [21u] Test CreationTime.java fails with\n      UnsatisfiedLinkError after 8334339\n    + JDK-8341057: Add 2 SSL.com TLS roots\n    + JDK-8341059: Change Entrust TLS distrust date to November 12, 2024\n    + JDK-8341674: [21u] Remove designator\n      DEFAULT_PROMOTED_VERSION_PRE=ea for release 21.0.5\n    + JDK-8341989: [21u] Back out JDK-8327501 and JDK-8328366\n",
      "Title": "Details",
      "Type": "General"
    },
    {
      "Text": "The CVRF data is provided by SUSE under the Creative Commons License 4.0 with Attribution (CC-BY-4.0).",
      "Title": "Terms of Use",
      "Type": "Legal Disclaimer"
    },
    {
      "Text": "Container bci/kiwi:latest-2024-3954,Container bci/openjdk-devel:latest-2024-3954,Container bci/openjdk:latest-2024-3954,Container containers/apache-pulsar:3.3-2024-3954,Container containers/apache-tomcat:10.1-openjdk21-2024-3954,Container containers/apache-tomcat:9-openjdk21-2024-3954,SUSE-2024-3954,SUSE-SLE-Module-Basesystem-15-SP6-2024-3954,openSUSE-SLE-15.6-2024-3954",
      "Title": "Patchnames",
      "Type": "Details"
    }
  ],
  "ProductTree": {
    "Relationships": [
      {
        "ProductReference": "java-21-openjdk-headless-21.0.5.0-150600.3.6.3",
        "RelatesToProductReference": "Container bci/kiwi:latest",
        "RelationType": "Default Component Of"
      },
      {
        "ProductReference": "java-21-openjdk-21.0.5.0-150600.3.6.3",
        "RelatesToProductReference": "Container bci/openjdk-devel:latest",
        "RelationType": "Default Component Of"
      },
      {
        "ProductReference": "java-21-openjdk-devel-21.0.5.0-150600.3.6.3",
        "RelatesToProductReference": "Container bci/openjdk-devel:latest",
        "RelationType": "Default Component Of"
      },
      {
        "ProductReference": "java-21-openjdk-headless-21.0.5.0-150600.3.6.3",
        "RelatesToProductReference": "Container bci/openjdk-devel:latest",
        "RelationType": "Default Component Of"
      },
      {
        "ProductReference": "java-21-openjdk-21.0.5.0-150600.3.6.3",
        "RelatesToProductReference": "Container bci/openjdk:latest",
        "RelationType": "Default Component Of"
      },
      {
        "ProductReference": "java-21-openjdk-headless-21.0.5.0-150600.3.6.3",
        "RelatesToProductReference": "Container bci/openjdk:latest",
        "RelationType": "Default Component Of"
      },
      {
        "ProductReference": "java-21-openjdk-21.0.5.0-150600.3.6.3",
        "RelatesToProductReference": "Container containers/apache-pulsar:3.3",
        "RelationType": "Default Component Of"
      },
      {
        "ProductReference": "java-21-openjdk-headless-21.0.5.0-150600.3.6.3",
        "RelatesToProductReference": "Container containers/apache-pulsar:3.3",
        "RelationType": "Default Component Of"
      },
      {
        "ProductReference": "java-21-openjdk-21.0.5.0-150600.3.6.3",
        "RelatesToProductReference": "Container containers/apache-tomcat:10.1-openjdk21",
        "RelationType": "Default Component Of"
      },
      {
        "ProductReference": "java-21-openjdk-headless-21.0.5.0-150600.3.6.3",
        "RelatesToProductReference": "Container containers/apache-tomcat:10.1-openjdk21",
        "RelationType": "Default Component Of"
      },
      {
        "ProductReference": "java-21-openjdk-21.0.5.0-150600.3.6.3",
        "RelatesToProductReference": "Container containers/apache-tomcat:9-openjdk21",
        "RelationType": "Default Component Of"
      },
      {
        "ProductReference": "java-21-openjdk-headless-21.0.5.0-150600.3.6.3",
        "RelatesToProductReference": "Container containers/apache-tomcat:9-openjdk21",
        "RelationType": "Default Component Of"
      },
      {
        "ProductReference": "java-21-openjdk-21.0.5.0-150600.3.6.3",
        "RelatesToProductReference": "SUSE Linux Enterprise Module for Basesystem 15 SP6",
        "RelationType": "Default Component Of"
      },
      {
        "ProductReference": "java-21-openjdk-demo-21.0.5.0-150600.3.6.3",
        "RelatesToProductReference": "SUSE Linux Enterprise Module for Basesystem 15 SP6",
        "RelationType": "Default Component Of"
      },
      {
        "ProductReference": "java-21-openjdk-devel-21.0.5.0-150600.3.6.3",
        "RelatesToProductReference": "SUSE Linux Enterprise Module for Basesystem 15 SP6",
        "RelationType": "Default Component Of"
      },
      {
        "ProductReference": "java-21-openjdk-headless-21.0.5.0-150600.3.6.3",
        "RelatesToProductReference": "SUSE Linux Enterprise Module for Basesystem 15 SP6",
        "RelationType": "Default Component Of"
      },
      {
        "ProductReference": "java-21-openjdk-21.0.5.0-150600.3.6.3",
        "RelatesToProductReference": "openSUSE Leap 15.6",
        "RelationType": "Default Component Of"
      },
      {
        "ProductReference": "java-21-openjdk-demo-21.0.5.0-150600.3.6.3",
        "RelatesToProductReference": "openSUSE Leap 15.6",
        "RelationType": "Default Component Of"
      },
      {
        "ProductReference": "java-21-openjdk-devel-21.0.5.0-150600.3.6.3",
        "RelatesToProductReference": "openSUSE Leap 15.6",
        "RelationType": "Default Component Of"
      },
      {
        "ProductReference": "java-21-openjdk-headless-21.0.5.0-150600.3.6.3",
        "RelatesToProductReference": "openSUSE Leap 15.6",
        "RelationType": "Default Component Of"
      },
      {
        "ProductReference": "java-21-openjdk-javadoc-21.0.5.0-150600.3.6.3",
        "RelatesToProductReference": "openSUSE Leap 15.6",
        "RelationType": "Default Component Of"
      },
      {
        "ProductReference": "java-21-openjdk-jmods-21.0.5.0-150600.3.6.3",
        "RelatesToProductReference": "openSUSE Leap 15.6",
        "RelationType": "Default Component Of"
      },
      {
        "ProductReference": "java-21-openjdk-src-21.0.5.0-150600.3.6.3",
        "RelatesToProductReference": "openSUSE Leap 15.6",
        "RelationType": "Default Component Of"
      }
    ]
  },
  "References": [
    {
      "URL": "https://www.suse.com/support/update/announcement/2024/suse-su-20243954-1/",
      "Description": "Link for SUSE-SU-2024:3954-1"
    },
    {
      "URL": "https://lists.suse.com/pipermail/sle-security-updates/2024-November/019802.html",
      "Description": "E-Mail link for SUSE-SU-2024:3954-1"
    },
    {
      "URL": "https://www.suse.com/support/security/rating/",
      "Description": "SUSE Security Ratings"
    },
    {
      "URL": "https://bugzilla.suse.com/1231702",
      "Description": "SUSE Bug 1231702"
    },
    {
      "URL": "https://bugzilla.suse.com/1231711",
      "Description": "SUSE Bug 1231711"
    },
    {
      "URL": "https://bugzilla.suse.com/1231716",
      "Description": "SUSE Bug 1231716"
    },
    {
      "URL": "https://bugzilla.suse.com/1231719",
      "Description": "SUSE Bug 1231719"
    },
    {
      "URL": "https://www.suse.com/security/cve/CVE-2024-21208/",
      "Description": "SUSE CVE CVE-2024-21208 page"
    },
    {
      "URL": "https://www.suse.com/security/cve/CVE-2024-21210/",
      "Description": "SUSE CVE CVE-2024-21210 page"
    },
    {
      "URL": "https://www.suse.com/security/cve/CVE-2024-21217/",
      "Description": "SUSE CVE CVE-2024-21217 page"
    },
    {
      "URL": "https://www.suse.com/security/cve/CVE-2024-21235/",
      "Description": "SUSE CVE CVE-2024-21235 page"
    }
  ],
  "Vulnerabilities": [
    {
      "CVE": "CVE-2024-21208",
      "Description": "Vulnerability in the Oracle Java SE, Oracle GraalVM for JDK, Oracle GraalVM Enterprise Edition product of Oracle Java SE (component: Networking).  Supported versions that are affected are Oracle Java SE: 8u421, 8u421-perf, 11.0.24, 17.0.12, 21.0.4, 23; Oracle GraalVM for JDK: 17.0.12, 21.0.4, 23; Oracle GraalVM Enterprise Edition: 20.3.15 and  21.3.11. Difficult to exploit vulnerability allows unauthenticated attacker with network access via multiple protocols to compromise Oracle Java SE, Oracle GraalVM for JDK, Oracle GraalVM Enterprise Edition.  Successful attacks of this vulnerability can result in unauthorized ability to cause a partial denial of service (partial DOS) of Oracle Java SE, Oracle GraalVM for JDK, Oracle GraalVM Enterprise Edition. Note: This vulnerability applies to Java deployments, typically in clients running sandboxed Java Web Start applications or sandboxed Java applets, that load and run untrusted code (e.g., code that comes from the internet) and rely on the Java sandbox for security. This vulnerability does not apply to Java deployments, typically in servers, that load and run only trusted code (e.g., code installed by an administrator). CVSS 3.1 Base Score 3.7 (Availability impacts).  CVSS Vector: (CVSS:3.1/AV:N/AC:H/PR:N/UI:N/S:U/C:N/I:N/A:L).",
      "Threats": [
        {
          "Type": "Impact",
          "Severity": "moderate"
        }
      ],
      "References": [
        {
          "URL": "https://www.suse.com/security/cve/CVE-2024-21208.html",
          "Description": "CVE-2024-21208"
        },
        {
          "URL": "https://bugzilla.suse.com/1231702",
          "Description": "SUSE Bug 1231702"
        }
      ],
      "ProductStatuses": [
        {
          "Type": "Fixed",
          "ProductID": [
            "Container bci/kiwi:latest:java-21-openjdk-headless-21.0.5.0-150600.3.6.3",
            "Container bci/openjdk-devel:latest:java-21-openjdk-21.0.5.0-150600.3.6.3",
            "Container bci/openjdk-devel:latest:java-21-openjdk-devel-21.0.5.0-150600.3.6.3",
            "Container bci/openjdk-devel:latest:java-21-openjdk-headless-21.0.5.0-150600.3.6.3",
            "Container bci/openjdk:latest:java-21-openjdk-21.0.5.0-150600.3.6.3",
            "Container bci/openjdk:latest:java-21-openjdk-headless-21.0.5.0-150600.3.6.3",
            "Container containers/apache-pulsar:3.3:java-21-openjdk-21.0.5.0-150600.3.6.3",
            "Container containers/apache-pulsar:3.3:java-21-openjdk-headless-21.0.5.0-150600.3.6.3",
            "Container containers/apache-tomcat:10.1-openjdk21:java-21-openjdk-21.0.5.0-150600.3.6.3",
            "Container containers/apache-tomcat:10.1-openjdk21:java-21-openjdk-headless-21.0.5.0-150600.3.6.3",
            "Container containers/apache-tomcat:9-openjdk21:java-21-openjdk-21.0.5.0-150600.3.6.3",
            "Container containers/apache-tomcat:9-openjdk21:java-21-openjdk-headless-21.0.5.0-150600.3.6.3",
            "SUSE Linux Enterprise Module for Basesystem 15 SP6:java-21-openjdk-21.0.5.0-150600.3.6.3",
            "SUSE Linux Enterprise Module for Basesystem 15 SP6:java-21-openjdk-demo-21.0.5.0-150600.3.6.3",
            "SUSE Linux Enterprise Module for Basesystem 15 SP6:java-21-openjdk-devel-21.0.5.0-150600.3.6.3",
            "SUSE Linux Enterprise Module for Basesystem 15 SP6:java-21-openjdk-headless-21.0.5.0-150600.3.6.3",
            "openSUSE Leap 15.6:java-21-openjdk-21.0.5.0-150600.3.6.3",
            "openSUSE Leap 15.6:java-21-openjdk-demo-21.0.5.0-150600.3.6.3",
            "openSUSE Leap 15.6:java-21-openjdk-devel-21.0.5.0-150600.3.6.3",
            "openSUSE Leap 15.6:java-21-openjdk-headless-21.0.5.0-150600.3.6.3",
            "openSUSE Leap 15.6:java-21-openjdk-javadoc-21.0.5.0-150600.3.6.3",
            "openSUSE Leap 15.6:java-21-openjdk-jmods-21.0.5.0-150600.3.6.3",
            "openSUSE Leap 15.6:java-21-openjdk-src-21.0.5.0-150600.3.6.3"
          ]
        }
      ],
      "CVSSScoreSets": {}
    },
    {
      "CVE": "CVE-2024-21210",
      "Description": "Vulnerability in Oracle Java SE (component: Hotspot).  Supported versions that are affected are Oracle Java SE: 8u421, 8u421-perf, 11.0.24, 17.0.12, 21.0.4 and  23. Difficult to exploit vulnerability allows unauthenticated attacker with network access via multiple protocols to compromise Oracle Java SE.  Successful attacks of this vulnerability can result in  unauthorized update, insert or delete access to some of Oracle Java SE accessible data. Note: This vulnerability can be exploited by using APIs in the specified Component, e.g., through a web service which supplies data to the APIs. This vulnerability also applies to Java deployments, typically in clients running sandboxed Java Web Start applications or sandboxed Java applets, that load and run untrusted code (e.g., code that comes from the internet) and rely on the Java sandbox for security. CVSS 3.1 Base Score 3.7 (Integrity impacts).  CVSS Vector: (CVSS:3.1/AV:N/AC:H/PR:N/UI:N/S:U/C:N/I:L/A:N).",
      "Threats": [
        {
          "Type": "Impact",
          "Severity": "moderate"
        }
      ],
      "References": [
        {
          "URL": "https://www.suse.com/security/cve/CVE-2024-21210.html",
          "Description": "CVE-2024-21210"
        },
        {
          "URL": "https://bugzilla.suse.com/1231711",
          "Description": "SUSE Bug 1231711"
        }
      ],
      "ProductStatuses": [
        {
          "Type": "Fixed",
          "ProductID": [
            "Container bci/kiwi:latest:java-21-openjdk-headless-21.0.5.0-150600.3.6.3",
            "Container bci/openjdk-devel:latest:java-21-openjdk-21.0.5.0-150600.3.6.3",
            "Container bci/openjdk-devel:latest:java-21-openjdk-devel-21.0.5.0-150600.3.6.3",
            "Container bci/openjdk-devel:latest:java-21-openjdk-headless-21.0.5.0-150600.3.6.3",
            "Container bci/openjdk:latest:java-21-openjdk-21.0.5.0-150600.3.6.3",
            "Container bci/openjdk:latest:java-21-openjdk-headless-21.0.5.0-150600.3.6.3",
            "Container containers/apache-pulsar:3.3:java-21-openjdk-21.0.5.0-150600.3.6.3",
            "Container containers/apache-pulsar:3.3:java-21-openjdk-headless-21.0.5.0-150600.3.6.3",
            "Container containers/apache-tomcat:10.1-openjdk21:java-21-openjdk-21.0.5.0-150600.3.6.3",
            "Container containers/apache-tomcat:10.1-openjdk21:java-21-openjdk-headless-21.0.5.0-150600.3.6.3",
            "Container containers/apache-tomcat:9-openjdk21:java-21-openjdk-21.0.5.0-150600.3.6.3",
            "Container containers/apache-tomcat:9-openjdk21:java-21-openjdk-headless-21.0.5.0-150600.3.6.3",
            "SUSE Linux Enterprise Module for Basesystem 15 SP6:java-21-openjdk-21.0.5.0-150600.3.6.3",
            "SUSE Linux Enterprise Module for Basesystem 15 SP6:java-21-openjdk-demo-21.0.5.0-150600.3.6.3",
            "SUSE Linux Enterprise Module for Basesystem 15 SP6:java-21-openjdk-devel-21.0.5.0-150600.3.6.3",
            "SUSE Linux Enterprise Module for Basesystem 15 SP6:java-21-openjdk-headless-21.0.5.0-150600.3.6.3",
            "openSUSE Leap 15.6:java-21-openjdk-21.0.5.0-150600.3.6.3",
            "openSUSE Leap 15.6:java-21-openjdk-demo-21.0.5.0-150600.3.6.3",
            "openSUSE Leap 15.6:java-21-openjdk-devel-21.0.5.0-150600.3.6.3",
            "openSUSE Leap 15.6:java-21-openjdk-headless-21.0.5.0-150600.3.6.3",
            "openSUSE Leap 15.6:java-21-openjdk-javadoc-21.0.5.0-150600.3.6.3",
            "openSUSE Leap 15.6:java-21-openjdk-jmods-21.0.5.0-150600.3.6.3",
            "openSUSE Leap 15.6:java-21-openjdk-src-21.0.5.0-150600.3.6.3"
          ]
        }
      ],
      "CVSSScoreSets": {}
    },
    {
      "CVE": "CVE-2024-21217",
      "Description": "Vulnerability in the Oracle Java SE, Oracle GraalVM for JDK, Oracle GraalVM Enterprise Edition product of Oracle Java SE (component: Serialization).  Supported versions that are affected are Oracle Java SE: 8u421, 8u421-perf, 11.0.24, 17.0.12, 21.0.4, 23; Oracle GraalVM for JDK: 17.0.12, 21.0.4, 23; Oracle GraalVM Enterprise Edition: 20.3.15 and  21.3.11. Difficult to exploit vulnerability allows unauthenticated attacker with network access via multiple protocols to compromise Oracle Java SE, Oracle GraalVM for JDK, Oracle GraalVM Enterprise Edition.  Successful attacks of this vulnerability can result in unauthorized ability to cause a partial denial of service (partial DOS) of Oracle Java SE, Oracle GraalVM for JDK, Oracle GraalVM Enterprise Edition. Note: This vulnerability can be exploited by using APIs in the specified Component, e.g., through a web service which supplies data to the APIs. This vulnerability also applies to Java deployments, typically in clients running sandboxed Java Web Start applications or sandboxed Java applets, that load and run untrusted code (e.g., code that comes from the internet) and rely on the Java sandbox for security. CVSS 3.1 Base Score 3.7 (Availability impacts).  CVSS Vector: (CVSS:3.1/AV:N/AC:H/PR:N/UI:N/S:U/C:N/I:N/A:L).",
      "Threats": [
        {
          "Type": "Impact",
          "Severity": "moderate"
        }
      ],
      "References": [
        {
          "URL": "https://www.suse.com/security/cve/CVE-2024-21217.html",
          "Description": "CVE-2024-21217"
        },
        {
          "URL": "https://bugzilla.suse.com/1231716",
          "Description": "SUSE Bug 1231716"
        }
      ],
      "ProductStatuses": [
        {
          "Type": "Fixed",
          "ProductID": [
            "Container bci/kiwi:latest:java-21-openjdk-headless-21.0.5.0-150600.3.6.3",
            "Container bci/openjdk-devel:latest:java-21-openjdk-21.0.5.0-150600.3.6.3",
            "Container bci/openjdk-devel:latest:java-21-openjdk-devel-21.0.5.0-150600.3.6.3",
            "Container bci/openjdk-devel:latest:java-21-openjdk-headless-21.0.5.0-150600.3.6.3",
            "Container bci/openjdk:latest:java-21-openjdk-21.0.5.0-150600.3.6.3",
            "Container bci/openjdk:latest:java-21-openjdk-headless-21.0.5.0-150600.3.6.3",
            "Container containers/apache-pulsar:3.3:java-21-openjdk-21.0.5.0-150600.3.6.3",
            "Container containers/apache-pulsar:3.3:java-21-openjdk-headless-21.0.5.0-150600.3.6.3",
            "Container containers/apache-tomcat:10.1-openjdk21:java-21-openjdk-21.0.5.0-150600.3.6.3",
            "Container containers/apache-tomcat:10.1-openjdk21:java-21-openjdk-headless-21.0.5.0-150600.3.6.3",
            "Container containers/apache-tomcat:9-openjdk21:java-21-openjdk-21.0.5.0-150600.3.6.3",
            "Container containers/apache-tomcat:9-openjdk21:java-21-openjdk-headless-21.0.5.0-150600.3.6.3",
            "SUSE Linux Enterprise Module for Basesystem 15 SP6:java-21-openjdk-21.0.5.0-150600.3.6.3",
            "SUSE Linux Enterprise Module for Basesystem 15 SP6:java-21-openjdk-demo-21.0.5.0-150600.3.6.3",
            "SUSE Linux Enterprise Module for Basesystem 15 SP6:java-21-openjdk-devel-21.0.5.0-150600.3.6.3",
            "SUSE Linux Enterprise Module for Basesystem 15 SP6:java-21-openjdk-headless-21.0.5.0-150600.3.6.3",
            "openSUSE Leap 15.6:java-21-openjdk-21.0.5.0-150600.3.6.3",
            "openSUSE Leap 15.6:java-21-openjdk-demo-21.0.5.0-150600.3.6.3",
            "openSUSE Leap 15.6:java-21-openjdk-devel-21.0.5.0-150600.3.6.3",
            "openSUSE Leap 15.6:java-21-openjdk-headless-21.0.5.0-150600.3.6.3",
            "openSUSE Leap 15.6:java-21-openjdk-javadoc-21.0.5.0-150600.3.6.3",
            "openSUSE Leap 15.6:java-21-openjdk-jmods-21.0.5.0-150600.3.6.3",
            "openSUSE Leap 15.6:java-21-openjdk-src-21.0.5.0-150600.3.6.3"
          ]
        }
      ],
      "CVSSScoreSets": {}
    },
    {
      "CVE": "CVE-2024-21235",
      "Description": "Vulnerability in the Oracle Java SE, Oracle GraalVM for JDK, Oracle GraalVM Enterprise Edition product of Oracle Java SE (component: Hotspot).  Supported versions that are affected are Oracle Java SE: 8u421, 8u421-perf, 11.0.24, 17.0.12, 21.0.4, 23;   Oracle GraalVM for JDK: 17.0.12, 21.0.4, 23;   Oracle GraalVM Enterprise Edition: 20.3.15 and  21.3.11. Difficult to exploit vulnerability allows unauthenticated attacker with network access via multiple protocols to compromise Oracle Java SE, Oracle GraalVM for JDK, Oracle GraalVM Enterprise Edition.  Successful attacks of this vulnerability can result in  unauthorized update, insert or delete access to some of Oracle Java SE, Oracle GraalVM for JDK, Oracle GraalVM Enterprise Edition accessible data as well as  unauthorized read access to a subset of Oracle Java SE, Oracle GraalVM for JDK, Oracle GraalVM Enterprise Edition accessible data. Note: This vulnerability can be exploited by using APIs in the specified Component, e.g., through a web service which supplies data to the APIs. This vulnerability also applies to Java deployments, typically in clients running sandboxed Java Web Start applications or sandboxed Java applets, that load and run untrusted code (e.g., code that comes from the internet) and rely on the Java sandbox for security. CVSS 3.1 Base Score 4.8 (Confidentiality and Integrity impacts).  CVSS Vector: (CVSS:3.1/AV:N/AC:H/PR:N/UI:N/S:U/C:L/I:L/A:N).",
      "Threats": [
        {
          "Type": "Impact",
          "Severity": "moderate"
        }
      ],
      "References": [
        {
          "URL": "https://www.suse.com/security/cve/CVE-2024-21235.html",
          "Description": "CVE-2024-21235"
        },
        {
          "URL": "https://bugzilla.suse.com/1231719",
          "Description": "SUSE Bug 1231719"
        }
      ],
      "ProductStatuses": [
        {
          "Type": "Fixed",
          "ProductID": [
            "Container bci/kiwi:latest:java-21-openjdk-headless-21.0.5.0-150600.3.6.3",
            "Container bci/openjdk-devel:latest:java-21-openjdk-21.0.5.0-150600.3.6.3",
            "Container bci/openjdk-devel:latest:java-21-openjdk-devel-21.0.5.0-150600.3.6.3",
            "Container bci/openjdk-devel:latest:java-21-openjdk-headless-21.0.5.0-150600.3.6.3",
            "Container bci/openjdk:latest:java-21-openjdk-21.0.5.0-150600.3.6.3",
            "Container bci/openjdk:latest:java-21-openjdk-headless-21.0.5.0-150600.3.6.3",
            "Container containers/apache-pulsar:3.3:java-21-openjdk-21.0.5.0-150600.3.6.3",
            "Container containers/apache-pulsar:3.3:java-21-openjdk-headless-21.0.5.0-150600.3.6.3",
            "Container containers/apache-tomcat:10.1-openjdk21:java-21-openjdk-21.0.5.0-150600.3.6.3",
            "Container containers/apache-tomcat:10.1-openjdk21:java-21-openjdk-headless-21.0.5.0-150600.3.6.3",
            "Container containers/apache-tomcat:9-openjdk21:java-21-openjdk-21.0.5.0-150600.3.6.3",
            "Container containers/apache-tomcat:9-openjdk21:java-21-openjdk-headless-21.0.5.0-150600.3.6.3",
            "SUSE Linux Enterprise Module for Basesystem 15 SP6:java-21-openjdk-21.0.5.0-150600.3.6.3",
            "SUSE Linux Enterprise Module for Basesystem 15 SP6:java-21-openjdk-demo-21.0.5.0-150600.3.6.3",
            "SUSE Linux Enterprise Module for Basesystem 15 SP6:java-21-openjdk-devel-21.0.5.0-150600.3.6.3",
            "SUSE Linux Enterprise Module for Basesystem 15 SP6:java-21-openjdk-headless-21.0.5.0-150600.3.6.3",
            "openSUSE Leap 15.6:java-21-openjdk-21.0.5.0-150600.3.6.3",
            "openSUSE Leap 15.6:java-21-openjdk-demo-21.0.5.0-150600.3.6.3",
            "openSUSE Leap 15.6:java-21-openjdk-devel-21.0.5.0-150600.3.6.3",
            "openSUSE Leap 15.6:java-21-openjdk-headless-21.0.5.0-150600.3.6.3",
            "openSUSE Leap 15.6:java-21-openjdk-javadoc-21.0.5.0-150600.3.6.3",
            "openSUSE Leap 15.6:java-21-openjdk-jmods-21.0.5.0-150600.3.6.3",
            "openSUSE Leap 15.6:java-21-openjdk-src-21.0.5.0-150600.3.6.3"
          ]
        }
      ],
      "CVSSScoreSets": {}
    }
  ]
}