{
  "Title": "Security update for java-21-openjdk",
  "Tracking": {
    "ID": "SUSE-SU-2025:02657-1",
    "Status": "Final",
    "Version": "1",
    "InitialReleaseDate": "2025-08-04T10:34:34Z",
    "CurrentReleaseDate": "2025-08-04T10:34:34Z",
    "RevisionHistory": [
      {
        "Number": "1",
        "Date": "2025-08-04T10:34:34Z",
        "Description": "current"
      }
    ]
  },
  "Notes": [
    {
      "Text": "Security update for java-21-openjdk",
      "Title": "Topic",
      "Type": "Summary"
    },
    {
      "Text": "This update for java-21-openjdk fixes the following issues:\n\nUpdate to upstream tag jdk-21.0.8+9 (July 2025 CPU):\n\nSecurity fixes:\n\n- CVE-2025-30749: several scenarios can lead to heap corruption (bsc#1246595) \n- CVE-2025-30754: incomplete handshake may lead to weakening TLS protections (bsc#1246598) \n- CVE-2025-50059: Improve HTTP client header handling (bsc#1246575) \n- CVE-2025-50106: Glyph out-of-memory access and crash (bsc#1246584) \n\nOther fixes:\n\n- Allow compilation of openjdk for 40 years (bsc#1213796)\n\nChangelog:\n\n    + JDK-6956385: URLConnection.getLastModified() leaks file\n      handles for jar:file and file: URLs\n    + JDK-8051591: Test\n      javax/swing/JTabbedPane/8007563/Test8007563.java fails\n    + JDK-8136895: Writer not closed with disk full error, file\n      resource leaked\n    + JDK-8180450: secondary_super_cache does not scale well\n    + JDK-8183348: Better cleanup for\n      jdk/test/sun/security/pkcs12/P12SecretKey.java\n    + JDK-8200566: DistributionPointFetcher fails to fetch CRLs if\n      the DistributionPoints field contains more than one\n      DistributionPoint and the first one fails\n    + JDK-8202100: Merge vm/share/InMemoryJavaCompiler w/\n      jdk/test/lib/compiler/InMemoryJavaCompiler\n    + JDK-8210471: GZIPInputStream constructor could leak an\n      un-end()ed Inflater\n    + JDK-8211400: nsk.share.gc.Memory::getArrayLength returns\n      wrong value\n    + JDK-8220213: com/sun/jndi/dns/ConfigTests/Timeout.java\n      failed intermittent\n    + JDK-8249831: Test sun/security/mscapi/nonUniqueAliases/\n      /NonUniqueAliases.java is marked with @ignore\n    + JDK-8253440: serviceability/sa/TestJhsdbJstackLineNumbers.java\n      failed with 'Didn't find enough line numbers'\n    + JDK-8256211: assert fired in\n      java/net/httpclient/DependentPromiseActionsTest (infrequent)\n    + JDK-8258483: [TESTBUG] gtest\n      CollectorPolicy.young_scaled_initial_ergo_vm fails if heap is\n      too small\n    + JDK-8267174: Many test files have the wrong Copyright header\n    + JDK-8270269: Desktop.browse method fails if earlier\n      CoInitialize call as COINIT_MULTITHREADED\n    + JDK-8276995: Bug in jdk.jfr.event.gc.collection.TestSystemGC\n    + JDK-8279016: JFR Leak Profiler is broken with Shenandoah\n    + JDK-8280991: [XWayland] No displayChanged event after\n      setDisplayMode call\n    + JDK-8281511: java/net/ipv6tests/UdpTest.java fails with\n      checkTime failed\n    + JDK-8282726: java/net/vthread/BlockingSocketOps.java\n      timeout/hang intermittently on Windows\n    + JDK-8286204: [Accessibility,macOS,VoiceOver] VoiceOver reads\n      the spinner value 10 as 1 when user iterates to 10 for the\n      first time on macOS\n    + JDK-8286789: Test forceEarlyReturn002.java timed out\n    + JDK-8286875: ProgrammableUpcallHandler::on_entry/on_exit\n      access thread fields from native\n    + JDK-8294155: Exception thrown before awaitAndCheck hangs\n      PassFailJFrame\n    + JDK-8295804: javax/swing/JFileChooser/\n      /JFileChooserSetLocationTest.java failed with 'setLocation()\n      is not working properly'\n    + JDK-8297692: Avoid sending per-region GCPhaseParallel JFR\n      events in G1ScanCollectionSetRegionClosure\n    + JDK-8303770: Remove Baltimore root certificate expiring in\n      May 2025\n    + JDK-8305010: Test vmTestbase/nsk/jvmti/scenarios/sampling/\n      /SP05/sp05t003/TestDescription.java timed out: thread not\n      suspended\n    + JDK-8307318: Test serviceability/sa/\n      /ClhsdbCDSJstackPrintAll.java failed:\n      ArrayIndexOutOfBoundsException\n    + JDK-8307824: Clean up Finalizable.java and finalize\n      terminology in vmTestbase/nsk/share\n    + JDK-8308033: The jcmd thread dump related tests should test\n      virtual threads\n    + JDK-8308966: Add intrinsic for float/double modulo for x86\n      AVX2 and AVX512\n    + JDK-8309667: TLS handshake fails because of\n      ConcurrentModificationException in PKCS12KeyStore\n      .engineGetEntry\n    + JDK-8309841: Jarsigner should print a warning if an entry is\n      removed\n    + JDK-8309978: [x64] Fix useless padding\n    + JDK-8310066: Improve test coverage for JVMTI GetThreadState\n      on carrier and mounted vthread\n    + JDK-8310525: DynamicLauncher for JDP test needs to try\n      harder to find a free port\n    + JDK-8310643: Misformatted copyright messages in FFM\n    + JDK-8312246: NPE when HSDB visits bad oop\n    + JDK-8312475: org.jline.util.PumpReader signed byte problem\n    + JDK-8313290: Misleading exception message from\n      STS.Subtask::get when task forked after shutdown\n    + JDK-8313430: [JVMCI] fatal error: Never compilable: in JVMCI\n      shutdown\n    + JDK-8313654: Test WaitNotifySuspendedVThreadTest.java timed\n      out\n    + JDK-8314056: Remove runtime platform check from frem/drem\n    + JDK-8314136: Test java/net/httpclient/CancelRequestTest.java\n      failed: WARNING: tracker for HttpClientImpl(42) has\n      outstanding operations\n    + JDK-8314236: Overflow in Collections.rotate\n    + JDK-8314319: LogCompilation doesn't reset lateInlining when\n      it encounters a failure.\n    + JDK-8314840: 3 gc/epsilon tests ignore external vm options\n    + JDK-8314842: zgc/genzgc tests ignore vm flags\n    + JDK-8315128: jdk/jfr/event/runtime/\n      /TestResidentSetSizeEvent.java fails with 'The size should be\n      less than or equal to peak'\n    + JDK-8315484: java/awt/dnd/RejectDragDropActionTest.java\n      timed out\n    + JDK-8315669: Open source several Swing PopupMenu related\n      tests\n    + JDK-8315742: Open source several Swing Scroll related tests\n    + JDK-8315827: Kitchensink.java and RenaissanceStressTest.java\n      time out with jvmti module errors\n    + JDK-8315871: Opensource five more Swing regression tests\n    + JDK-8315876: Open source several Swing CSS related tests\n    + JDK-8315951: Open source several Swing HTMLEditorKit related\n      tests\n    + JDK-8315981: Opensource five more random Swing tests\n    + JDK-8316061: Open source several Swing RootPane and Slider\n      related tests\n    + JDK-8316324: Opensource five miscellaneous Swing tests\n    + JDK-8316388: Opensource five Swing component related\n      regression tests\n    + JDK-8316452: java/lang/instrument/modules/\n      /AppendToClassPathModuleTest.java ignores VM flags\n    + JDK-8316497: ColorConvertOp - typo for non-ICC conversions\n      needs one-line fix\n    + JDK-8316580: HttpClient with StructuredTaskScope does not\n      close when a task fails\n    + JDK-8316629: j.text.DateFormatSymbols setZoneStrings()\n      exception is unhelpful\n    + JDK-8317264: Pattern.Bound has `static` fields that should\n      be `static final`.\n    + JDK-8318509: x86 count_positives intrinsic broken for\n      -XX:AVX3Threshold=0\n    + JDK-8318636: Add jcmd to print annotated process memory map\n    + JDK-8318700: MacOS Zero cannot run gtests due to wrong JVM\n      path\n    + JDK-8318811: Compiler directives parser swallows a character\n      after line comments\n    + JDK-8318915: Enhance checks in BigDecimal.toPlainString()\n    + JDK-8319439: Move BufferNode from PtrQueue files to new files\n    + JDK-8319572: Test jdk/incubator/vector/LoadJsvmlTest.java\n      ignores VM flags\n    + JDK-8319690: [AArch64] C2 compilation hits\n      offset_ok_for_immed: assert 'c2 compiler bug'\n    + JDK-8320687: sun.jvmstat.monitor.MonitoredHost\n      .getMonitoredHost() throws unexpected exceptions when invoked\n      concurrently\n    + JDK-8320948: NPE due to unreported compiler error\n    + JDK-8321204: C2: assert(false) failed: node should be in\n      igvn hash table\n    + JDK-8321479: java -D-D crashes\n    + JDK-8321931: memory_swap_current_in_bytes reports 0 as\n      'unlimited'\n    + JDK-8322141: SequenceInputStream.transferTo should not\n      return as soon as Long.MAX_VALUE bytes have been transferred\n    + JDK-8322475: Extend printing for System.map\n    + JDK-8323795: jcmd Compiler.codecache should print total size\n      of code cache\n    + JDK-8324345: Stack overflow during C2 compilation when\n      splitting memory phi\n    + JDK-8324678: Replace NULL with nullptr in HotSpot gtests\n    + JDK-8324681: Replace NULL with nullptr in HotSpot jtreg test\n      native code files\n    + JDK-8324799: Use correct extension for C++ test headers\n    + JDK-8324880: Rename get_stack_trace.h\n    + JDK-8325055: Rename Injector.h\n    + JDK-8325180: Rename jvmti_FollowRefObjects.h\n    + JDK-8325347: Rename native_thread.h\n    + JDK-8325367: Rename nsk_list.h\n    + JDK-8325435: [macos] Menu or JPopupMenu not closed when main\n      window is resized\n    + JDK-8325456: Rename nsk_mutex.h\n    + JDK-8325458: Rename mlvmJvmtiUtils.h\n    + JDK-8325680: Uninitialised memory in deleteGSSCB of\n      GSSLibStub.c:179\n    + JDK-8325682: Rename nsk_strace.h\n    + JDK-8325910: Rename jnihelper.h\n    + JDK-8326090: Rename jvmti_aod.h\n    + JDK-8326389: [test] improve assertEquals failure output\n    + JDK-8326524: Rename agent_common.h\n    + JDK-8326586: Improve Speed of System.map\n    + JDK-8327071: [Testbug] g-tests for cgroup leave files in\n      /tmp on linux\n    + JDK-8327169: serviceability/dcmd/vm/SystemMapTest.java and\n      SystemDumpMapTest.java may fail after JDK-8326586\n    + JDK-8327370: (ch) sun.nio.ch.Poller.register throws\n      AssertionError\n    + JDK-8327461: KeyStore getEntry is not thread-safe\n    + JDK-8328107: Shenandoah/C2: TestVerifyLoopOptimizations test\n      failure\n    + JDK-8328301: Convert Applet test\n      ManualHTMLDataFlavorTest.java to main program\n    + JDK-8328482: Convert and Open source few manual applet test\n      to main based\n    + JDK-8328484: Convert and Opensource few JFileChooser applet\n      test to main\n    + JDK-8328648: Remove applet usage from JFileChooser tests\n      bug4150029\n    + JDK-8328670: Automate and open source few closed manual\n      applet test\n    + JDK-8328673: Convert closed text/html/CSS manual applet test\n      to main\n    + JDK-8328864: NullPointerException in\n      sun.security.jca.ProviderList.getService()\n    + JDK-8329261: G1: interpreter post-barrier x86 code asserts\n      index size of wrong buffer\n    + JDK-8329729:\n      java/util/Properties/StoreReproducibilityTest.java times out\n    + JDK-8330106: C2: VectorInsertNode::make() shouldn't call\n      ConINode::make() directly\n    + JDK-8330158: C2: Loop strip mining uses ABS with min int\n    + JDK-8330534: Update nsk/jdwp tests to use driver instead of\n      othervm\n    + JDK-8330598: java/net/httpclient/Http1ChunkedTest.java fails\n      with java.util.MissingFormatArgumentException: Format\n      specifier '%s'\n    + JDK-8330936: [ubsan] exclude function BilinearInterp and\n      ShapeSINextSpan in libawt java2d from ubsan checks\n    + JDK-8331088: Incorrect TraceLoopPredicate output\n    + JDK-8331735: UpcallLinker::on_exit races with GC when\n      copying frame anchor\n    + JDK-8332252: Clean up vmTestbase/vm/share\n    + JDK-8332506: SIGFPE In\n      ObjectSynchronizer::is_async_deflation_needed()\n    + JDK-8332631: Update nsk.share.jpda.BindServer to don't use\n      finalization\n    + JDK-8332641: Update nsk.share.jpda.Jdb to don't use\n      finalization\n    + JDK-8332880: JFR GCHelper class recognizes 'Archive' regions\n      as valid\n    + JDK-8332921: Ctrl+C does not call shutdown hooks after JLine\n      upgrade\n    + JDK-8333013: Update vmTestbase/nsk/share/LocalProcess.java\n      to don't use finalization\n    + JDK-8333117: Remove support of remote and manual debuggee\n      launchers\n    + JDK-8333680: com/sun/tools/attach/BasicTests.java fails with\n      'SocketException: Permission denied: connect'\n    + JDK-8333805: Replaying compilation with null static final\n      fields results in a crash\n    + JDK-8333890: Fatal error in auto-vectorizer with float16\n      kernel.\n    + JDK-8334644: Automate\n      javax/print/attribute/PageRangesException.java\n    + JDK-8334780: Crash: assert(h_array_list.not_null()) failed:\n      invariant\n    + JDK-8334895: OpenJDK fails to configure on linux aarch64\n      when CDS is disabled after JDK-8331942\n    + JDK-8335181: Incorrect handling of HTTP/2 GOAWAY frames in\n      HttpClient\n    + JDK-8335643: serviceability/dcmd/vm tests fail for ZGC after\n      JDK-8322475\n    + JDK-8335662: [AArch64] C1: guarantee(val \u003c (1ULL \u003c\u003c nbits))\n      failed: Field too big for insn\n    + JDK-8335684: Test ThreadCpuTime.java should pause like\n      ThreadCpuTimeArray.java\n    + JDK-8335710: serviceability/dcmd/vm/SystemDumpMapTest.java\n      and SystemMapTest.java fail on Linux Alpine after 8322475\n    + JDK-8335836: serviceability/jvmti/StartPhase/AllowedFunctions/\n      /AllowedFunctions.java fails with unexpected exit code: 112\n    + JDK-8335860: compiler/vectorization/\n      /TestFloat16VectorConvChain.java fails with non-standard\n      AVX/SSE settings\n    + JDK-8336042: Caller/callee param size mismatch in\n      deoptimization causes crash\n    + JDK-8336499: Failure when creating non-CRT RSA private keys\n      in SunPKCS11\n    + JDK-8336587: failure_handler lldb command times out on\n      macosx-aarch64 core file\n    + JDK-8336827: compiler/vectorization/\n      /TestFloat16VectorConvChain.java timeouts on ppc64 platforms\n      after JDK-8335860\n    + JDK-8337221: CompileFramework: test library to conveniently\n      compile java and jasm sources for fuzzing\n    + JDK-8337299: vmTestbase/nsk/jdb/stop_at/stop_at002/\n      /stop_at002.java failure goes undetected\n    + JDK-8337681: PNGImageWriter uses much more memory than\n      necessary\n    + JDK-8337795: Type annotation attached to incorrect type\n      during class reading\n    + JDK-8337958: Out-of-bounds array access in\n      secondary_super_cache\n    + JDK-8337981: ShenandoahHeap::is_in should check for alive\n      regions\n    + JDK-8337998: CompletionFailure in getEnclosingType attaching\n      type annotations\n    + JDK-8338010: WB_IsFrameDeoptimized miss ResourceMark\n    + JDK-8338064: Give better error for ConcurrentHashTable\n      corruption\n    + JDK-8338136: Hotspot should support multiple large page\n      sizes on Windows\n    + JDK-8338154: Fix -Wzero-as-null-pointer-constant warnings in\n      gtest framework\n    + JDK-8338202: Shenandoah: Improve handshake closure labels\n    + JDK-8338314: JFR: Split JFRCheckpoint VM operation\n    + JDK-8339148: Make os::Linux::active_processor_count() public\n    + JDK-8339288: Improve diagnostic logging\n      runtime/cds/DeterministicDump.java\n    + JDK-8339300: CollectorPolicy.young_scaled_initial_ergo_vm\n      gtest fails on ppc64 based platforms\n    + JDK-8339538: Wrong timeout computations in DnsClient\n    + JDK-8339639: Opensource few AWT PopupMenu tests\n    + JDK-8339678: Update runtime/condy tests to be executed with\n      VM flags\n    + JDK-8339727: Open source several AWT focus tests - series 1\n    + JDK-8339769: Incorrect error message during startup if\n      working directory does not exist\n    + JDK-8339794: Open source closed choice tests #1\n    + JDK-8339810: Clean up the code in sun.tools.jar.Main to\n      properly close resources and use ZipFile during extract\n    + JDK-8339836: Open source several AWT Mouse tests - Batch 1\n    + JDK-8339842: Open source several AWT focus tests - series 2\n    + JDK-8339895: Open source several AWT focus tests - series 3\n    + JDK-8339906: Open source several AWT focus tests - series 4\n    + JDK-8339935: Open source several AWT focus tests - series 5\n    + JDK-8339982: Open source several AWT Mouse tests - Batch 2\n    + JDK-8339984: Open source AWT MenuItem related tests\n    + JDK-8339995: Open source several AWT focus tests - series 6\n    + JDK-8340024: In ClassReader, extract a constant for the\n      superclass supertype_index\n    + JDK-8340077: Open source few Checkbox tests - Set2\n    + JDK-8340084: Open source AWT Frame related tests\n    + JDK-8340143: Open source several Java2D rendering loop tests.\n    + JDK-8340146: ZGC: TestAllocateHeapAt.java should not run\n      with UseLargePages\n    + JDK-8340164: Open source few Component tests - Set1\n    + JDK-8340173: Open source some Component/Panel/EventQueue\n      tests - Set2\n    + JDK-8340176: Replace usage of -noclassgc with -Xnoclassgc in\n      test/jdk/java/lang/management/MemoryMXBean/LowMemoryTest2.java\n    + JDK-8340193: Open source several AWT Dialog tests - Batch 1\n    + JDK-8340228: Open source couple more miscellaneous AWT tests\n    + JDK-8340271: Open source several AWT Robot tests\n    + JDK-8340279: Open source several AWT Dialog tests - Batch 2\n    + JDK-8340332: Open source mixed AWT tests - Set3\n    + JDK-8340366: Open source several AWT Dialog tests - Batch 3\n    + JDK-8340367: Opensource few AWT image tests\n    + JDK-8340393: Open source closed choice tests #2\n    + JDK-8340407: Open source a few more Component related tests\n    + JDK-8340417: Open source some MenuBar tests - Set1\n    + JDK-8340432: Open source some MenuBar tests - Set2\n    + JDK-8340433: Open source closed choice tests #3\n    + JDK-8340437: Open source few more AWT Frame related tests\n    + JDK-8340458: Open source additional Component tests (part 2)\n    + JDK-8340555: Open source DnD tests - Set4\n    + JDK-8340560: Open Source several AWT/2D font and rendering\n      tests\n    + JDK-8340605: Open source several AWT PopupMenu tests\n    + JDK-8340621: Open source several AWT List tests\n    + JDK-8340625: Open source additional Component tests (part 3)\n    + JDK-8340639: Open source few more AWT List tests\n    + JDK-8340713: Open source DnD tests - Set5\n    + JDK-8340784: Remove PassFailJFrame constructor with\n      screenshots\n    + JDK-8340790: Open source several AWT Dialog tests - Batch 4\n    + JDK-8340809: Open source few more AWT PopupMenu tests\n    + JDK-8340874: Open source some of the AWT Geometry/Button\n      tests\n    + JDK-8340907: Open source closed frame tests # 2\n    + JDK-8340966: Open source few Checkbox and Cursor tests - Set1\n    + JDK-8340967: Open source few Cursor tests - Set2\n    + JDK-8340978: Open source few DnD tests - Set6\n    + JDK-8340985: Open source some Desktop related tests\n    + JDK-8341000: Open source some of the AWT Window tests\n    + JDK-8341004: Open source AWT FileDialog related tests\n    + JDK-8341072: Open source several AWT Canvas and Rectangle\n      related tests\n    + JDK-8341128: open source some 2d graphics tests\n    + JDK-8341148: Open source several Choice related tests\n    + JDK-8341162: Open source some of the AWT window test\n    + JDK-8341170: Open source several Choice related tests (part 2)\n    + JDK-8341177: Opensource few List and a Window test\n    + JDK-8341191: Open source few more AWT FileDialog tests\n    + JDK-8341239: Open source closed frame tests # 3\n    + JDK-8341257: Open source few DND tests - Set1\n    + JDK-8341258: Open source few various AWT tests - Set1\n    + JDK-8341278: Open source few TrayIcon tests - Set7\n    + JDK-8341298: Open source more AWT window tests\n    + JDK-8341373: Open source closed frame tests # 4\n    + JDK-8341378: Open source few TrayIcon tests - Set8\n    + JDK-8341447: Open source closed frame tests # 5\n    + JDK-8341535: sun/awt/font/TestDevTransform.java fails with\n      RuntimeException: Different rendering\n    + JDK-8341637: java/net/Socket/UdpSocket.java fails with\n      'java.net.BindException: Address already in use'\n      (macos-aarch64)\n    + JDK-8341779: [REDO BACKPORT] type annotations are not\n      visible to javac plugins across compilation boundaries\n      (JDK-8225377)\n    + JDK-8341972: java/awt/dnd/DnDRemoveFocusOwnerCrashTest.java\n      timed out after JDK-8341257\n    + JDK-8342075: HttpClient: improve HTTP/2 flow control checks\n    + JDK-8342376: More reliable OOM handling in\n      ExceptionDuringDumpAtObjectsInitPhase test\n    + JDK-8342524: Use latch in AbstractButton/bug6298940.java\n      instead of delay\n    + JDK-8342633: javax/management/security/\n      /HashedPasswordFileTest.java creates tmp file in src dir\n    + JDK-8342958: Use jvmArgs consistently in microbenchmarks\n    + JDK-8343019: Primitive caches must use boxed instances from\n      the archive\n    + JDK-8343037: Missing @since tag on JColorChooser.showDialog\n      overload\n    + JDK-8343103: Enable debug logging for vmTestbase/nsk/jvmti/\n      /scenarios/sampling/SP05/sp05t003/TestDescription.java\n    + JDK-8343124: Tests fails with java.lang.IllegalAccessException:\n      class com.sun.javatest.regtest.agent.MainWrapper$MainTask\n      cannot access\n    + JDK-8343144: UpcallLinker::on_entry racingly clears pending\n      exception with GC safepoints\n    + JDK-8343170: java/awt/Cursor/JPanelCursorTest/\n      /JPanelCursorTest.java does not show the default cursor\n    + JDK-8343224: print/Dialog/PaperSizeError.java fails with\n      MediaSizeName is not A4: A4\n    + JDK-8343342: java/io/File/GetXSpace.java fails on Windows\n      with CD-ROM drive\n    + JDK-8343345: Use -jvmArgsPrepend when running\n      microbenchmarks in RunTests.gmk\n    + JDK-8343529: serviceability/sa/ClhsdbWhere.java fails\n      AssertionFailure: Corrupted constant pool\n    + JDK-8343754: Problemlist\n      jdk/jfr/event/oldobject/TestShenandoah.java after JDK-8279016\n    + JDK-8343855: HTTP/2 ConnectionWindowUpdateSender may miss\n      some unprocessed DataFrames from closed streams\n    + JDK-8343891: Test javax/swing/JTabbedPane/\n      /TestJTabbedPaneBackgroundColor.java failed\n    + JDK-8343936: Adjust timeout in test\n      javax/management/monitor/DerivedGaugeMonitorTest.java\n    + JDK-8344316: security/auth/callback/TextCallbackHandler/\n      /Password.java make runnable with JTReg and add the UI\n    + JDK-8344346: java/net/httpclient/ShutdownNow.java fails with\n      java.lang.AssertionError: client was still running, but exited\n      after further delay: timeout should be adjusted\n    + JDK-8344361: Restore null return for invalid services from\n      legacy providers\n    + JDK-8344414: ZGC: Another division by zero in\n      rule_major_allocation_rate\n    + JDK-8344925: translet-name ignored when package-name is also\n      set\n    + JDK-8345133: Test sun/security/tools/jarsigner/\n      /TsacertOptionTest.java failed: Warning found in stdout\n    + JDK-8345134: Test sun/security/tools/jarsigner/\n      /ConciseJarsigner.java failed: unable to find valid\n      certification path to requested target\n    + JDK-8345146: [PPC64] Make intrinsic conversions between bit\n      representations of half precision values and floats\n    + JDK-8345341: Fix incorrect log message in JDI stop002t test\n    + JDK-8345357: test/jdk/javax/swing/JRadioButton/8033699/\n      /bug8033699.java fails in ubuntu22.04\n    + JDK-8345447: test/jdk/javax/swing/JToolBar/4529206/\n      /bug4529206.java fails in ubuntu22.04\n    + JDK-8345547: test/jdk/javax/swing/text/DefaultEditorKit/\n      /4278839/bug4278839.java fails in ubuntu22.04\n    + JDK-8345598: Upgrade NSS binaries for interop tests\n    + JDK-8345625: Better HTTP connections\n    + JDK-8345728: [Accessibility,macOS,Screen Magnifier]:\n      JCheckbox unchecked state does not magnify but works for\n      checked state\n    + JDK-8345838: Remove the\n      appcds/javaldr/AnonVmClassesDuringDump.java test\n    + JDK-8346049: jdk/test/lib/security/timestamp/TsaServer.java\n      warnings\n    + JDK-8346082: Output JVMTI agent information in hserr files\n    + JDK-8346264: 'Total compile time' counter should include\n      time spent in failing/bailout compiles\n    + JDK-8346581: JRadioButton/ButtonGroupFocusTest.java fails in\n      CI on Linux\n    + JDK-8346888: [ubsan] block.cpp:1617:30: runtime error:\n      9.97582e+36 is outside the range of representable values of\n      type 'int'\n    + JDK-8347000: Bug in\n      com/sun/net/httpserver/bugs/B6361557.java test\n    + JDK-8347019: Test javax/swing/JRadioButton/8033699/\n      /bug8033699.java  still fails: Focus is not on Radio Button\n      Single as Expected\n    + JDK-8347083: Incomplete logging in nsk/jvmti/\n      /ResourceExhausted/resexhausted00* tests\n    + JDK-8347126: gc/stress/TestStressG1Uncommit.java gets\n      OOM-killed\n    + JDK-8347173: java/net/DatagramSocket/\n      /InterruptibleDatagramSocket.java fails with virtual thread\n      factory\n    + JDK-8347286: (fs) Remove some extensions from\n      java/nio/file/Files/probeContentType/Basic.java\n    + JDK-8347296: WinInstallerUiTest fails in local test runs if\n      the path to test work directory is longer that regular\n    + JDK-8347373: HTTP/2 flow control checks may count\n      unprocessed data twice\n    + JDK-8347506: Compatible OCSP readtimeout property with OCSP\n      timeout\n    + JDK-8347596: Update HSS/LMS public key encoding\n    + JDK-8347629: Test FailOverDirectExecutionControlTest.java\n      fails with -Xcomp\n    + JDK-8347995: Race condition in jdk/java/net/httpclient/\n      /offline/FixedResponseHttpClient.java\n    + JDK-8348107: test/jdk/java/net/httpclient/\n      /HttpsTunnelAuthTest.java fails intermittently\n    + JDK-8348110: Update LCMS to 2.17\n    + JDK-8348299: Update List/ItemEventTest/ItemEventTest.java\n    + JDK-8348323: Corrupted timezone string in JVM crash log\n    + JDK-8348596: Update FreeType to 2.13.3\n    + JDK-8348597: Update HarfBuzz to 10.4.0\n    + JDK-8348598: Update Libpng to 1.6.47\n    + JDK-8348600: Update PipeWire to 1.3.81\n    + JDK-8348865: JButton/bug4796987.java never runs because\n      Windows XP is unavailable\n    + JDK-8348936: [Accessibility,macOS,VoiceOver] VoiceOver\n      doesn't announce untick on toggling the checkbox with 'space'\n      key on macOS\n    + JDK-8348989: Better Glyph drawing\n    + JDK-8349111: Enhance Swing supports\n    + JDK-8349200: [JMH]\n      time.format.ZonedDateTimeFormatterBenchmark fails\n    + JDK-8349348: Refactor ClassLoaderDeadlock.sh and Deadlock.sh\n      to run fully in java\n    + JDK-8349358: [JMH] Cannot access class\n      jdk.internal.vm.ContinuationScope\n    + JDK-8349492: Update sun/security/pkcs12/\n      /KeytoolOpensslInteropTest.java to use a recent Openssl\n      version\n    + JDK-8349501: Relocate supporting classes in\n      security/testlibrary to test/lib/jdk tree\n    + JDK-8349594: Enhance TLS protocol support\n    + JDK-8349623: [ASAN] Gtest os_linux.glibc_mallinfo_wrapper_vm\n      fails\n    + JDK-8349637: Integer.numberOfLeadingZeros outputs\n      incorrectly in certain cases\n    + JDK-8349751: AIX build failure after upgrade pipewire to\n      1.3.81\n    + JDK-8350201: Out of bounds access on Linux aarch64 in\n      os::print_register_info\n    + JDK-8350211: CTW: Attempt to preload all classes in constant\n      pool\n    + JDK-8350224: Test javax/swing/JComboBox/\n      /TestComboBoxComponentRendering.java fails in ubuntu 23.x and\n      later\n    + JDK-8350260: Improve HTML instruction formatting in\n      PassFailJFrame\n    + JDK-8350313: Include timings for leaving safepoint in\n      safepoint logging\n    + JDK-8350383: Test: add more test case for string compare (UL\n      case)\n    + JDK-8350386: Test TestCodeCacheFull.java fails with option\n      -XX:-UseCodeCacheFlushing\n    + JDK-8350412: [21u] AArch64: Ambiguous frame layout leads to\n      incorrect traces in JFR\n    + JDK-8350483: AArch64: turn on signum intrinsics by default\n      on Ampere CPUs\n    + JDK-8350498: Remove two Camerfirma root CA certificates\n    + JDK-8350546: Several java/net/InetAddress tests fails\n      UnknownHostException\n    + JDK-8350616: Skip ValidateHazardPtrsClosure in non-debug\n      builds\n    + JDK-8350650: Bump update version for OpenJDK: jdk-21.0.8\n    + JDK-8350682: [JMH] vector.IndexInRangeBenchmark failed with\n      IndexOutOfBoundsException for size=1024\n    + JDK-8350786: Some java/lang jtreg tests miss requires\n      vm.hasJFR\n    + JDK-8350924: javax/swing/JMenu/4213634/bug4213634.java fails\n    + JDK-8350991: Improve HTTP client header handling\n    + JDK-8351086: (fc) Make java/nio/channels/FileChannel/\n      /BlockDeviceSize.java test manual\n    + JDK-8351500: G1: NUMA migrations cause crashes in region\n      allocation\n    + JDK-8351665: Remove unused UseNUMA in os_aix.cpp\n    + JDK-8351933: Inaccurate masking of TC subfield decrement in\n      ForkJoinPool\n    + JDK-8352076: [21u] Problem list tests that fail in 21 and\n      would be fixed by 8309622\n    + JDK-8352109: java/awt/Desktop/MailTest.java fails in\n      platforms where Action.MAIL is not supported\n    + JDK-8352302: Test sun/security/tools/jarsigner/\n      /TimestampCheck.java is failing\n    + JDK-8352512: TestVectorZeroCount: counter not reset between\n      iterations\n    + JDK-8352676: Opensource JMenu tests - series1\n    + JDK-8352680: Opensource few misc swing tests\n    + JDK-8352684: Opensource JInternalFrame tests - series1\n    + JDK-8352706: httpclient HeadTest does not run on HTTP2\n    + JDK-8352716: (tz) Update Timezone Data to 2025b\n    + JDK-8352908: Open source several swing tests batch1\n    + JDK-8352942: jdk/jfr/startupargs/TestMemoryOptions.java\n      fails with 32-bit build\n    + JDK-8353070: Clean up and open source couple AWT Graphics\n      related tests (Part 1)\n    + JDK-8353138: Screen capture for test\n      TaskbarPositionTest.java, failure case\n    + JDK-8353190: Use '/native' Run Option for\n      TestAvailableProcessors Execution\n    + JDK-8353237: [AArch64] Incorrect result of\n      VectorizedHashCode intrinsic on Cortex-A53\n    + JDK-8353320: Open source more Swing text tests\n    + JDK-8353446: Open source several AWT Menu tests - Batch 2\n    + JDK-8353475: Open source two Swing DefaultCaret tests\n    + JDK-8353685: Open some JComboBox bugs 4\n    + JDK-8353709: Debug symbols bundle should contain full debug\n      files when building --with-external-symbols-in-bundles=public\n    + JDK-8353787: Increased number of SHA-384-Digest\n      java.util.jar.Attributes$Name instances leading to higher\n      memory footprint\n    + JDK-8353942: Open source Swing Tests - Set 5\n    + JDK-8354255: [jittester] Remove TempDir debug output\n    + JDK-8354530: AIX: sporadic unexpected errno when calling\n      setsockopt in Net.joinOrDrop\n    + JDK-8354554: Open source several clipboard tests batch1\n    + JDK-8354802: MAX_SECS definition is unused in os_linux\n    + JDK-8354893: [REDO BACKPORT] javac crashes while adding type\n      annotations to the return type of a constructor (JDK-8320001)\n    + JDK-8355498: [AIX] Adapt code for C++ VLA rule\n    + JDK-8356053: Test java/awt/Toolkit/Headless/\n      /HeadlessToolkit.java fails by timeout\n    + JDK-8356096: ISO 4217 Amendment 179 Update\n    + JDK-8356571: Re-enable -Wtype-limits for GCC in LCMS\n    + JDK-8357105: C2: compilation fails with 'assert(false)\n      failed: empty program detected during loop optimization'\n    + JDK-8357193: [VS 2022 17.14] Warning C5287 in debugInit.c:\n      enum type mismatch during build\n    + JDK-8359170: Add 2 TLS and 2 CS Sectigo roots\n    + JDK-8360147: Better Glyph drawing redux\n    + JDK-8360406: [21u] Disable logic for attaching type\n      annotations to class files until 8359336 is fixed\n    + JDK-8361672: [21u] Remove designator\n      DEFAULT_PROMOTED_VERSION_PRE=ea for release 21.0.8\n",
      "Title": "Details",
      "Type": "General"
    },
    {
      "Text": "The CVRF data is provided by SUSE under the Creative Commons License 4.0 with Attribution (CC-BY-4.0).",
      "Title": "Terms of Use",
      "Type": "Legal Disclaimer"
    },
    {
      "Text": "Container bci/kiwi:latest-2025-2657,Container bci/openjdk-devel:latest-2025-2657,SUSE-2025-2657,SUSE-SLE-Module-Basesystem-15-SP6-2025-2657,SUSE-SLE-Module-Basesystem-15-SP7-2025-2657,openSUSE-SLE-15.6-2025-2657",
      "Title": "Patchnames",
      "Type": "Details"
    }
  ],
  "ProductTree": {
    "Relationships": [
      {
        "ProductReference": "java-21-openjdk-headless-21.0.8.0-150600.3.15.1",
        "RelatesToProductReference": "Container bci/kiwi:latest",
        "RelationType": "Default Component Of"
      },
      {
        "ProductReference": "java-21-openjdk-21.0.8.0-150600.3.15.1",
        "RelatesToProductReference": "Container bci/openjdk-devel:latest",
        "RelationType": "Default Component Of"
      },
      {
        "ProductReference": "java-21-openjdk-devel-21.0.8.0-150600.3.15.1",
        "RelatesToProductReference": "Container bci/openjdk-devel:latest",
        "RelationType": "Default Component Of"
      },
      {
        "ProductReference": "java-21-openjdk-headless-21.0.8.0-150600.3.15.1",
        "RelatesToProductReference": "Container bci/openjdk-devel:latest",
        "RelationType": "Default Component Of"
      },
      {
        "ProductReference": "java-21-openjdk-21.0.8.0-150600.3.15.1",
        "RelatesToProductReference": "SUSE Linux Enterprise Module for Basesystem 15 SP6",
        "RelationType": "Default Component Of"
      },
      {
        "ProductReference": "java-21-openjdk-demo-21.0.8.0-150600.3.15.1",
        "RelatesToProductReference": "SUSE Linux Enterprise Module for Basesystem 15 SP6",
        "RelationType": "Default Component Of"
      },
      {
        "ProductReference": "java-21-openjdk-devel-21.0.8.0-150600.3.15.1",
        "RelatesToProductReference": "SUSE Linux Enterprise Module for Basesystem 15 SP6",
        "RelationType": "Default Component Of"
      },
      {
        "ProductReference": "java-21-openjdk-headless-21.0.8.0-150600.3.15.1",
        "RelatesToProductReference": "SUSE Linux Enterprise Module for Basesystem 15 SP6",
        "RelationType": "Default Component Of"
      },
      {
        "ProductReference": "java-21-openjdk-21.0.8.0-150600.3.15.1",
        "RelatesToProductReference": "SUSE Linux Enterprise Module for Basesystem 15 SP7",
        "RelationType": "Default Component Of"
      },
      {
        "ProductReference": "java-21-openjdk-demo-21.0.8.0-150600.3.15.1",
        "RelatesToProductReference": "SUSE Linux Enterprise Module for Basesystem 15 SP7",
        "RelationType": "Default Component Of"
      },
      {
        "ProductReference": "java-21-openjdk-devel-21.0.8.0-150600.3.15.1",
        "RelatesToProductReference": "SUSE Linux Enterprise Module for Basesystem 15 SP7",
        "RelationType": "Default Component Of"
      },
      {
        "ProductReference": "java-21-openjdk-headless-21.0.8.0-150600.3.15.1",
        "RelatesToProductReference": "SUSE Linux Enterprise Module for Basesystem 15 SP7",
        "RelationType": "Default Component Of"
      },
      {
        "ProductReference": "java-21-openjdk-21.0.8.0-150600.3.15.1",
        "RelatesToProductReference": "openSUSE Leap 15.6",
        "RelationType": "Default Component Of"
      },
      {
        "ProductReference": "java-21-openjdk-demo-21.0.8.0-150600.3.15.1",
        "RelatesToProductReference": "openSUSE Leap 15.6",
        "RelationType": "Default Component Of"
      },
      {
        "ProductReference": "java-21-openjdk-devel-21.0.8.0-150600.3.15.1",
        "RelatesToProductReference": "openSUSE Leap 15.6",
        "RelationType": "Default Component Of"
      },
      {
        "ProductReference": "java-21-openjdk-headless-21.0.8.0-150600.3.15.1",
        "RelatesToProductReference": "openSUSE Leap 15.6",
        "RelationType": "Default Component Of"
      },
      {
        "ProductReference": "java-21-openjdk-javadoc-21.0.8.0-150600.3.15.1",
        "RelatesToProductReference": "openSUSE Leap 15.6",
        "RelationType": "Default Component Of"
      },
      {
        "ProductReference": "java-21-openjdk-jmods-21.0.8.0-150600.3.15.1",
        "RelatesToProductReference": "openSUSE Leap 15.6",
        "RelationType": "Default Component Of"
      },
      {
        "ProductReference": "java-21-openjdk-src-21.0.8.0-150600.3.15.1",
        "RelatesToProductReference": "openSUSE Leap 15.6",
        "RelationType": "Default Component Of"
      }
    ]
  },
  "References": [
    {
      "URL": "https://www.suse.com/support/update/announcement/2025/suse-su-202502657-1/",
      "Description": "Link for SUSE-SU-2025:02657-1"
    },
    {
      "URL": "https://lists.suse.com/pipermail/sle-updates/2025-August/041063.html",
      "Description": "E-Mail link for SUSE-SU-2025:02657-1"
    },
    {
      "URL": "https://www.suse.com/support/security/rating/",
      "Description": "SUSE Security Ratings"
    },
    {
      "URL": "https://bugzilla.suse.com/1213796",
      "Description": "SUSE Bug 1213796"
    },
    {
      "URL": "https://bugzilla.suse.com/1246575",
      "Description": "SUSE Bug 1246575"
    },
    {
      "URL": "https://bugzilla.suse.com/1246584",
      "Description": "SUSE Bug 1246584"
    },
    {
      "URL": "https://bugzilla.suse.com/1246595",
      "Description": "SUSE Bug 1246595"
    },
    {
      "URL": "https://bugzilla.suse.com/1246598",
      "Description": "SUSE Bug 1246598"
    },
    {
      "URL": "https://www.suse.com/security/cve/CVE-2025-30749/",
      "Description": "SUSE CVE CVE-2025-30749 page"
    },
    {
      "URL": "https://www.suse.com/security/cve/CVE-2025-30754/",
      "Description": "SUSE CVE CVE-2025-30754 page"
    },
    {
      "URL": "https://www.suse.com/security/cve/CVE-2025-50059/",
      "Description": "SUSE CVE CVE-2025-50059 page"
    },
    {
      "URL": "https://www.suse.com/security/cve/CVE-2025-50106/",
      "Description": "SUSE CVE CVE-2025-50106 page"
    }
  ],
  "Vulnerabilities": [
    {
      "CVE": "CVE-2025-30749",
      "Description": "unknown",
      "Threats": [
        {
          "Type": "Impact",
          "Severity": "important"
        }
      ],
      "References": [
        {
          "URL": "https://www.suse.com/security/cve/CVE-2025-30749.html",
          "Description": "CVE-2025-30749"
        },
        {
          "URL": "https://bugzilla.suse.com/1246595",
          "Description": "SUSE Bug 1246595"
        }
      ],
      "ProductStatuses": [
        {
          "Type": "Fixed",
          "ProductID": [
            "Container bci/kiwi:latest:java-21-openjdk-headless-21.0.8.0-150600.3.15.1",
            "Container bci/openjdk-devel:latest:java-21-openjdk-21.0.8.0-150600.3.15.1",
            "Container bci/openjdk-devel:latest:java-21-openjdk-devel-21.0.8.0-150600.3.15.1",
            "Container bci/openjdk-devel:latest:java-21-openjdk-headless-21.0.8.0-150600.3.15.1",
            "SUSE Linux Enterprise Module for Basesystem 15 SP6:java-21-openjdk-21.0.8.0-150600.3.15.1",
            "SUSE Linux Enterprise Module for Basesystem 15 SP6:java-21-openjdk-demo-21.0.8.0-150600.3.15.1",
            "SUSE Linux Enterprise Module for Basesystem 15 SP6:java-21-openjdk-devel-21.0.8.0-150600.3.15.1",
            "SUSE Linux Enterprise Module for Basesystem 15 SP6:java-21-openjdk-headless-21.0.8.0-150600.3.15.1",
            "SUSE Linux Enterprise Module for Basesystem 15 SP7:java-21-openjdk-21.0.8.0-150600.3.15.1",
            "SUSE Linux Enterprise Module for Basesystem 15 SP7:java-21-openjdk-demo-21.0.8.0-150600.3.15.1",
            "SUSE Linux Enterprise Module for Basesystem 15 SP7:java-21-openjdk-devel-21.0.8.0-150600.3.15.1",
            "SUSE Linux Enterprise Module for Basesystem 15 SP7:java-21-openjdk-headless-21.0.8.0-150600.3.15.1",
            "openSUSE Leap 15.6:java-21-openjdk-21.0.8.0-150600.3.15.1",
            "openSUSE Leap 15.6:java-21-openjdk-demo-21.0.8.0-150600.3.15.1",
            "openSUSE Leap 15.6:java-21-openjdk-devel-21.0.8.0-150600.3.15.1",
            "openSUSE Leap 15.6:java-21-openjdk-headless-21.0.8.0-150600.3.15.1",
            "openSUSE Leap 15.6:java-21-openjdk-javadoc-21.0.8.0-150600.3.15.1",
            "openSUSE Leap 15.6:java-21-openjdk-jmods-21.0.8.0-150600.3.15.1",
            "openSUSE Leap 15.6:java-21-openjdk-src-21.0.8.0-150600.3.15.1"
          ]
        }
      ],
      "CVSSScoreSets": {}
    },
    {
      "CVE": "CVE-2025-30754",
      "Description": "unknown",
      "Threats": [
        {
          "Type": "Impact",
          "Severity": "important"
        }
      ],
      "References": [
        {
          "URL": "https://www.suse.com/security/cve/CVE-2025-30754.html",
          "Description": "CVE-2025-30754"
        },
        {
          "URL": "https://bugzilla.suse.com/1246595",
          "Description": "SUSE Bug 1246595"
        },
        {
          "URL": "https://bugzilla.suse.com/1246598",
          "Description": "SUSE Bug 1246598"
        }
      ],
      "ProductStatuses": [
        {
          "Type": "Fixed",
          "ProductID": [
            "Container bci/kiwi:latest:java-21-openjdk-headless-21.0.8.0-150600.3.15.1",
            "Container bci/openjdk-devel:latest:java-21-openjdk-21.0.8.0-150600.3.15.1",
            "Container bci/openjdk-devel:latest:java-21-openjdk-devel-21.0.8.0-150600.3.15.1",
            "Container bci/openjdk-devel:latest:java-21-openjdk-headless-21.0.8.0-150600.3.15.1",
            "SUSE Linux Enterprise Module for Basesystem 15 SP6:java-21-openjdk-21.0.8.0-150600.3.15.1",
            "SUSE Linux Enterprise Module for Basesystem 15 SP6:java-21-openjdk-demo-21.0.8.0-150600.3.15.1",
            "SUSE Linux Enterprise Module for Basesystem 15 SP6:java-21-openjdk-devel-21.0.8.0-150600.3.15.1",
            "SUSE Linux Enterprise Module for Basesystem 15 SP6:java-21-openjdk-headless-21.0.8.0-150600.3.15.1",
            "SUSE Linux Enterprise Module for Basesystem 15 SP7:java-21-openjdk-21.0.8.0-150600.3.15.1",
            "SUSE Linux Enterprise Module for Basesystem 15 SP7:java-21-openjdk-demo-21.0.8.0-150600.3.15.1",
            "SUSE Linux Enterprise Module for Basesystem 15 SP7:java-21-openjdk-devel-21.0.8.0-150600.3.15.1",
            "SUSE Linux Enterprise Module for Basesystem 15 SP7:java-21-openjdk-headless-21.0.8.0-150600.3.15.1",
            "openSUSE Leap 15.6:java-21-openjdk-21.0.8.0-150600.3.15.1",
            "openSUSE Leap 15.6:java-21-openjdk-demo-21.0.8.0-150600.3.15.1",
            "openSUSE Leap 15.6:java-21-openjdk-devel-21.0.8.0-150600.3.15.1",
            "openSUSE Leap 15.6:java-21-openjdk-headless-21.0.8.0-150600.3.15.1",
            "openSUSE Leap 15.6:java-21-openjdk-javadoc-21.0.8.0-150600.3.15.1",
            "openSUSE Leap 15.6:java-21-openjdk-jmods-21.0.8.0-150600.3.15.1",
            "openSUSE Leap 15.6:java-21-openjdk-src-21.0.8.0-150600.3.15.1"
          ]
        }
      ],
      "CVSSScoreSets": {}
    },
    {
      "CVE": "CVE-2025-50059",
      "Description": "unknown",
      "Threats": [
        {
          "Type": "Impact",
          "Severity": "important"
        }
      ],
      "References": [
        {
          "URL": "https://www.suse.com/security/cve/CVE-2025-50059.html",
          "Description": "CVE-2025-50059"
        },
        {
          "URL": "https://bugzilla.suse.com/1246575",
          "Description": "SUSE Bug 1246575"
        }
      ],
      "ProductStatuses": [
        {
          "Type": "Fixed",
          "ProductID": [
            "Container bci/kiwi:latest:java-21-openjdk-headless-21.0.8.0-150600.3.15.1",
            "Container bci/openjdk-devel:latest:java-21-openjdk-21.0.8.0-150600.3.15.1",
            "Container bci/openjdk-devel:latest:java-21-openjdk-devel-21.0.8.0-150600.3.15.1",
            "Container bci/openjdk-devel:latest:java-21-openjdk-headless-21.0.8.0-150600.3.15.1",
            "SUSE Linux Enterprise Module for Basesystem 15 SP6:java-21-openjdk-21.0.8.0-150600.3.15.1",
            "SUSE Linux Enterprise Module for Basesystem 15 SP6:java-21-openjdk-demo-21.0.8.0-150600.3.15.1",
            "SUSE Linux Enterprise Module for Basesystem 15 SP6:java-21-openjdk-devel-21.0.8.0-150600.3.15.1",
            "SUSE Linux Enterprise Module for Basesystem 15 SP6:java-21-openjdk-headless-21.0.8.0-150600.3.15.1",
            "SUSE Linux Enterprise Module for Basesystem 15 SP7:java-21-openjdk-21.0.8.0-150600.3.15.1",
            "SUSE Linux Enterprise Module for Basesystem 15 SP7:java-21-openjdk-demo-21.0.8.0-150600.3.15.1",
            "SUSE Linux Enterprise Module for Basesystem 15 SP7:java-21-openjdk-devel-21.0.8.0-150600.3.15.1",
            "SUSE Linux Enterprise Module for Basesystem 15 SP7:java-21-openjdk-headless-21.0.8.0-150600.3.15.1",
            "openSUSE Leap 15.6:java-21-openjdk-21.0.8.0-150600.3.15.1",
            "openSUSE Leap 15.6:java-21-openjdk-demo-21.0.8.0-150600.3.15.1",
            "openSUSE Leap 15.6:java-21-openjdk-devel-21.0.8.0-150600.3.15.1",
            "openSUSE Leap 15.6:java-21-openjdk-headless-21.0.8.0-150600.3.15.1",
            "openSUSE Leap 15.6:java-21-openjdk-javadoc-21.0.8.0-150600.3.15.1",
            "openSUSE Leap 15.6:java-21-openjdk-jmods-21.0.8.0-150600.3.15.1",
            "openSUSE Leap 15.6:java-21-openjdk-src-21.0.8.0-150600.3.15.1"
          ]
        }
      ],
      "CVSSScoreSets": {}
    },
    {
      "CVE": "CVE-2025-50106",
      "Description": "unknown",
      "Threats": [
        {
          "Type": "Impact",
          "Severity": "important"
        }
      ],
      "References": [
        {
          "URL": "https://www.suse.com/security/cve/CVE-2025-50106.html",
          "Description": "CVE-2025-50106"
        },
        {
          "URL": "https://bugzilla.suse.com/1246584",
          "Description": "SUSE Bug 1246584"
        },
        {
          "URL": "https://bugzilla.suse.com/1246595",
          "Description": "SUSE Bug 1246595"
        }
      ],
      "ProductStatuses": [
        {
          "Type": "Fixed",
          "ProductID": [
            "Container bci/kiwi:latest:java-21-openjdk-headless-21.0.8.0-150600.3.15.1",
            "Container bci/openjdk-devel:latest:java-21-openjdk-21.0.8.0-150600.3.15.1",
            "Container bci/openjdk-devel:latest:java-21-openjdk-devel-21.0.8.0-150600.3.15.1",
            "Container bci/openjdk-devel:latest:java-21-openjdk-headless-21.0.8.0-150600.3.15.1",
            "SUSE Linux Enterprise Module for Basesystem 15 SP6:java-21-openjdk-21.0.8.0-150600.3.15.1",
            "SUSE Linux Enterprise Module for Basesystem 15 SP6:java-21-openjdk-demo-21.0.8.0-150600.3.15.1",
            "SUSE Linux Enterprise Module for Basesystem 15 SP6:java-21-openjdk-devel-21.0.8.0-150600.3.15.1",
            "SUSE Linux Enterprise Module for Basesystem 15 SP6:java-21-openjdk-headless-21.0.8.0-150600.3.15.1",
            "SUSE Linux Enterprise Module for Basesystem 15 SP7:java-21-openjdk-21.0.8.0-150600.3.15.1",
            "SUSE Linux Enterprise Module for Basesystem 15 SP7:java-21-openjdk-demo-21.0.8.0-150600.3.15.1",
            "SUSE Linux Enterprise Module for Basesystem 15 SP7:java-21-openjdk-devel-21.0.8.0-150600.3.15.1",
            "SUSE Linux Enterprise Module for Basesystem 15 SP7:java-21-openjdk-headless-21.0.8.0-150600.3.15.1",
            "openSUSE Leap 15.6:java-21-openjdk-21.0.8.0-150600.3.15.1",
            "openSUSE Leap 15.6:java-21-openjdk-demo-21.0.8.0-150600.3.15.1",
            "openSUSE Leap 15.6:java-21-openjdk-devel-21.0.8.0-150600.3.15.1",
            "openSUSE Leap 15.6:java-21-openjdk-headless-21.0.8.0-150600.3.15.1",
            "openSUSE Leap 15.6:java-21-openjdk-javadoc-21.0.8.0-150600.3.15.1",
            "openSUSE Leap 15.6:java-21-openjdk-jmods-21.0.8.0-150600.3.15.1",
            "openSUSE Leap 15.6:java-21-openjdk-src-21.0.8.0-150600.3.15.1"
          ]
        }
      ],
      "CVSSScoreSets": {}
    }
  ]
}